ARM GAS  C:\Users\Cairne\AppData\Local\Temp\ccCkNPOZ.s 			page 1


   1              		.cpu cortex-m4
   2              		.eabi_attribute 27, 1
   3              		.eabi_attribute 28, 1
   4              		.eabi_attribute 20, 1
   5              		.eabi_attribute 21, 1
   6              		.eabi_attribute 23, 3
   7              		.eabi_attribute 24, 1
   8              		.eabi_attribute 25, 1
   9              		.eabi_attribute 26, 1
  10              		.eabi_attribute 30, 1
  11              		.eabi_attribute 34, 1
  12              		.eabi_attribute 18, 4
  13              		.file	"gpio.c"
  14              		.text
  15              	.Ltext0:
  16              		.cfi_sections	.debug_frame
  17              		.section	.text.MX_GPIO_Init,"ax",%progbits
  18              		.align	1
  19              		.global	MX_GPIO_Init
  20              		.syntax unified
  21              		.thumb
  22              		.thumb_func
  23              		.fpu fpv4-sp-d16
  25              	MX_GPIO_Init:
  26              	.LFB130:
  27              		.file 1 "Src/gpio.c"
   1:Src/gpio.c    **** /**
   2:Src/gpio.c    ****   ******************************************************************************
   3:Src/gpio.c    ****   * File Name          : gpio.c
   4:Src/gpio.c    ****   * Description        : This file provides code for the configuration
   5:Src/gpio.c    ****   *                      of all used GPIO pins.
   6:Src/gpio.c    ****   ******************************************************************************
   7:Src/gpio.c    ****   * @attention
   8:Src/gpio.c    ****   *
   9:Src/gpio.c    ****   * <h2><center>&copy; Copyright (c) 2019 STMicroelectronics.
  10:Src/gpio.c    ****   * All rights reserved.</center></h2>
  11:Src/gpio.c    ****   *
  12:Src/gpio.c    ****   * This software component is licensed by ST under BSD 3-Clause license,
  13:Src/gpio.c    ****   * the "License"; You may not use this file except in compliance with the
  14:Src/gpio.c    ****   * License. You may obtain a copy of the License at:
  15:Src/gpio.c    ****   *                        opensource.org/licenses/BSD-3-Clause
  16:Src/gpio.c    ****   *
  17:Src/gpio.c    ****   ******************************************************************************
  18:Src/gpio.c    ****   */
  19:Src/gpio.c    **** 
  20:Src/gpio.c    **** /* Includes ------------------------------------------------------------------*/
  21:Src/gpio.c    **** #include "gpio.h"
  22:Src/gpio.c    **** /* USER CODE BEGIN 0 */
  23:Src/gpio.c    **** 
  24:Src/gpio.c    **** /* USER CODE END 0 */
  25:Src/gpio.c    **** 
  26:Src/gpio.c    **** /*----------------------------------------------------------------------------*/
  27:Src/gpio.c    **** /* Configure GPIO                                                             */
  28:Src/gpio.c    **** /*----------------------------------------------------------------------------*/
  29:Src/gpio.c    **** /* USER CODE BEGIN 1 */
  30:Src/gpio.c    **** 
  31:Src/gpio.c    **** /* USER CODE END 1 */
ARM GAS  C:\Users\Cairne\AppData\Local\Temp\ccCkNPOZ.s 			page 2


  32:Src/gpio.c    **** 
  33:Src/gpio.c    **** /** Configure pins as 
  34:Src/gpio.c    ****         * Analog 
  35:Src/gpio.c    ****         * Input 
  36:Src/gpio.c    ****         * Output
  37:Src/gpio.c    ****         * EVENT_OUT
  38:Src/gpio.c    ****         * EXTI
  39:Src/gpio.c    **** */
  40:Src/gpio.c    **** void MX_GPIO_Init(void)
  41:Src/gpio.c    **** {
  28              		.loc 1 41 0
  29              		.cfi_startproc
  30              		@ args = 0, pretend = 0, frame = 40
  31              		@ frame_needed = 0, uses_anonymous_args = 0
  32 0000 2DE9F043 		push	{r4, r5, r6, r7, r8, r9, lr}
  33              	.LCFI0:
  34              		.cfi_def_cfa_offset 28
  35              		.cfi_offset 4, -28
  36              		.cfi_offset 5, -24
  37              		.cfi_offset 6, -20
  38              		.cfi_offset 7, -16
  39              		.cfi_offset 8, -12
  40              		.cfi_offset 9, -8
  41              		.cfi_offset 14, -4
  42 0004 8BB0     		sub	sp, sp, #44
  43              	.LCFI1:
  44              		.cfi_def_cfa_offset 72
  42:Src/gpio.c    **** 
  43:Src/gpio.c    ****   GPIO_InitTypeDef GPIO_InitStruct = {0};
  45              		.loc 1 43 0
  46 0006 0024     		movs	r4, #0
  47 0008 0594     		str	r4, [sp, #20]
  48 000a 0694     		str	r4, [sp, #24]
  49 000c 0794     		str	r4, [sp, #28]
  50 000e 0894     		str	r4, [sp, #32]
  51 0010 0994     		str	r4, [sp, #36]
  52              	.LBB2:
  44:Src/gpio.c    **** 
  45:Src/gpio.c    ****   /* GPIO Ports Clock Enable */
  46:Src/gpio.c    ****   __HAL_RCC_GPIOC_CLK_ENABLE();
  53              		.loc 1 46 0
  54 0012 0194     		str	r4, [sp, #4]
  55 0014 434B     		ldr	r3, .L3
  56 0016 1A6B     		ldr	r2, [r3, #48]
  57 0018 42F00402 		orr	r2, r2, #4
  58 001c 1A63     		str	r2, [r3, #48]
  59 001e 1A6B     		ldr	r2, [r3, #48]
  60 0020 02F00402 		and	r2, r2, #4
  61 0024 0192     		str	r2, [sp, #4]
  62 0026 019A     		ldr	r2, [sp, #4]
  63              	.LBE2:
  64              	.LBB3:
  47:Src/gpio.c    ****   __HAL_RCC_GPIOH_CLK_ENABLE();
  65              		.loc 1 47 0
  66 0028 0294     		str	r4, [sp, #8]
  67 002a 1A6B     		ldr	r2, [r3, #48]
  68 002c 42F08002 		orr	r2, r2, #128
ARM GAS  C:\Users\Cairne\AppData\Local\Temp\ccCkNPOZ.s 			page 3


  69 0030 1A63     		str	r2, [r3, #48]
  70 0032 1A6B     		ldr	r2, [r3, #48]
  71 0034 02F08002 		and	r2, r2, #128
  72 0038 0292     		str	r2, [sp, #8]
  73 003a 029A     		ldr	r2, [sp, #8]
  74              	.LBE3:
  75              	.LBB4:
  48:Src/gpio.c    ****   __HAL_RCC_GPIOB_CLK_ENABLE();
  76              		.loc 1 48 0
  77 003c 0394     		str	r4, [sp, #12]
  78 003e 1A6B     		ldr	r2, [r3, #48]
  79 0040 42F00202 		orr	r2, r2, #2
  80 0044 1A63     		str	r2, [r3, #48]
  81 0046 1A6B     		ldr	r2, [r3, #48]
  82 0048 02F00202 		and	r2, r2, #2
  83 004c 0392     		str	r2, [sp, #12]
  84 004e 039A     		ldr	r2, [sp, #12]
  85              	.LBE4:
  86              	.LBB5:
  49:Src/gpio.c    ****   __HAL_RCC_GPIOA_CLK_ENABLE();
  87              		.loc 1 49 0
  88 0050 0494     		str	r4, [sp, #16]
  89 0052 1A6B     		ldr	r2, [r3, #48]
  90 0054 42F00102 		orr	r2, r2, #1
  91 0058 1A63     		str	r2, [r3, #48]
  92 005a 1B6B     		ldr	r3, [r3, #48]
  93 005c 03F00103 		and	r3, r3, #1
  94 0060 0493     		str	r3, [sp, #16]
  95 0062 049B     		ldr	r3, [sp, #16]
  96              	.LBE5:
  50:Src/gpio.c    **** 
  51:Src/gpio.c    ****   /*Configure GPIO pin Output Level */
  52:Src/gpio.c    ****   HAL_GPIO_WritePin(GPIOC, TESTPIN2_Pin|TESTPIN1_Pin|GPIO_PIN_6|GPIO_PIN_7, GPIO_PIN_RESET);
  97              		.loc 1 52 0
  98 0064 304E     		ldr	r6, .L3+4
  99 0066 2246     		mov	r2, r4
 100 0068 46F2C001 		movw	r1, #24768
 101 006c 3046     		mov	r0, r6
 102 006e FFF7FEFF 		bl	HAL_GPIO_WritePin
 103              	.LVL0:
  53:Src/gpio.c    **** 
  54:Src/gpio.c    ****   /*Configure GPIO pin Output Level */
  55:Src/gpio.c    ****   HAL_GPIO_WritePin(GPIOB, GPIO_PIN_12|GPIO_PIN_13|GPIO_PIN_14|GPIO_PIN_15, GPIO_PIN_RESET);
 104              		.loc 1 55 0
 105 0072 DFF8C090 		ldr	r9, .L3+16
 106 0076 2246     		mov	r2, r4
 107 0078 4FF47041 		mov	r1, #61440
 108 007c 4846     		mov	r0, r9
 109 007e FFF7FEFF 		bl	HAL_GPIO_WritePin
 110              	.LVL1:
  56:Src/gpio.c    **** 
  57:Src/gpio.c    ****   /*Configure GPIO pin Output Level */
  58:Src/gpio.c    ****   HAL_GPIO_WritePin(LED_GPIO_Port, LED_Pin, GPIO_PIN_RESET);
 111              		.loc 1 58 0
 112 0082 2A4F     		ldr	r7, .L3+8
 113 0084 2246     		mov	r2, r4
 114 0086 4FF48071 		mov	r1, #256
ARM GAS  C:\Users\Cairne\AppData\Local\Temp\ccCkNPOZ.s 			page 4


 115 008a 3846     		mov	r0, r7
 116 008c FFF7FEFF 		bl	HAL_GPIO_WritePin
 117              	.LVL2:
  59:Src/gpio.c    **** 
  60:Src/gpio.c    ****   /*Configure GPIO pins : PCPin PCPin */
  61:Src/gpio.c    ****   GPIO_InitStruct.Pin = TESTPIN2_Pin|TESTPIN1_Pin;
 118              		.loc 1 61 0
 119 0090 4FF4C043 		mov	r3, #24576
 120 0094 0593     		str	r3, [sp, #20]
  62:Src/gpio.c    ****   GPIO_InitStruct.Mode = GPIO_MODE_OUTPUT_PP;
 121              		.loc 1 62 0
 122 0096 0125     		movs	r5, #1
 123 0098 0695     		str	r5, [sp, #24]
  63:Src/gpio.c    ****   GPIO_InitStruct.Pull = GPIO_PULLUP;
 124              		.loc 1 63 0
 125 009a 0795     		str	r5, [sp, #28]
  64:Src/gpio.c    ****   GPIO_InitStruct.Speed = GPIO_SPEED_FREQ_LOW;
 126              		.loc 1 64 0
 127 009c 0894     		str	r4, [sp, #32]
  65:Src/gpio.c    ****   HAL_GPIO_Init(GPIOC, &GPIO_InitStruct);
 128              		.loc 1 65 0
 129 009e 05A9     		add	r1, sp, #20
 130 00a0 3046     		mov	r0, r6
 131 00a2 FFF7FEFF 		bl	HAL_GPIO_Init
 132              	.LVL3:
  66:Src/gpio.c    **** 
  67:Src/gpio.c    ****   /*Configure GPIO pins : PB12 PB13 PB14 PB15 */
  68:Src/gpio.c    ****   GPIO_InitStruct.Pin = GPIO_PIN_12|GPIO_PIN_13|GPIO_PIN_14|GPIO_PIN_15;
 133              		.loc 1 68 0
 134 00a6 4FF47043 		mov	r3, #61440
 135 00aa 0593     		str	r3, [sp, #20]
  69:Src/gpio.c    ****   GPIO_InitStruct.Mode = GPIO_MODE_OUTPUT_PP;
 136              		.loc 1 69 0
 137 00ac 0695     		str	r5, [sp, #24]
  70:Src/gpio.c    ****   GPIO_InitStruct.Pull = GPIO_PULLUP;
 138              		.loc 1 70 0
 139 00ae 0795     		str	r5, [sp, #28]
  71:Src/gpio.c    ****   GPIO_InitStruct.Speed = GPIO_SPEED_FREQ_HIGH;
 140              		.loc 1 71 0
 141 00b0 4FF00208 		mov	r8, #2
 142 00b4 CDF82080 		str	r8, [sp, #32]
  72:Src/gpio.c    ****   HAL_GPIO_Init(GPIOB, &GPIO_InitStruct);
 143              		.loc 1 72 0
 144 00b8 05A9     		add	r1, sp, #20
 145 00ba 4846     		mov	r0, r9
 146 00bc FFF7FEFF 		bl	HAL_GPIO_Init
 147              	.LVL4:
  73:Src/gpio.c    **** 
  74:Src/gpio.c    ****   /*Configure GPIO pin : PC6 */
  75:Src/gpio.c    ****   GPIO_InitStruct.Pin = GPIO_PIN_6;
 148              		.loc 1 75 0
 149 00c0 4023     		movs	r3, #64
 150 00c2 0593     		str	r3, [sp, #20]
  76:Src/gpio.c    ****   GPIO_InitStruct.Mode = GPIO_MODE_OUTPUT_PP;
 151              		.loc 1 76 0
 152 00c4 0695     		str	r5, [sp, #24]
  77:Src/gpio.c    ****   GPIO_InitStruct.Pull = GPIO_NOPULL;
ARM GAS  C:\Users\Cairne\AppData\Local\Temp\ccCkNPOZ.s 			page 5


 153              		.loc 1 77 0
 154 00c6 0794     		str	r4, [sp, #28]
  78:Src/gpio.c    ****   GPIO_InitStruct.Speed = GPIO_SPEED_FREQ_LOW;
 155              		.loc 1 78 0
 156 00c8 0894     		str	r4, [sp, #32]
  79:Src/gpio.c    ****   HAL_GPIO_Init(GPIOC, &GPIO_InitStruct);
 157              		.loc 1 79 0
 158 00ca 05A9     		add	r1, sp, #20
 159 00cc 3046     		mov	r0, r6
 160 00ce FFF7FEFF 		bl	HAL_GPIO_Init
 161              	.LVL5:
  80:Src/gpio.c    **** 
  81:Src/gpio.c    ****   /*Configure GPIO pin : PC7 */
  82:Src/gpio.c    ****   GPIO_InitStruct.Pin = GPIO_PIN_7;
 162              		.loc 1 82 0
 163 00d2 8023     		movs	r3, #128
 164 00d4 0593     		str	r3, [sp, #20]
  83:Src/gpio.c    ****   GPIO_InitStruct.Mode = GPIO_MODE_OUTPUT_PP;
 165              		.loc 1 83 0
 166 00d6 0695     		str	r5, [sp, #24]
  84:Src/gpio.c    ****   GPIO_InitStruct.Pull = GPIO_PULLUP;
 167              		.loc 1 84 0
 168 00d8 0795     		str	r5, [sp, #28]
  85:Src/gpio.c    ****   GPIO_InitStruct.Speed = GPIO_SPEED_FREQ_HIGH;
 169              		.loc 1 85 0
 170 00da CDF82080 		str	r8, [sp, #32]
  86:Src/gpio.c    ****   HAL_GPIO_Init(GPIOC, &GPIO_InitStruct);
 171              		.loc 1 86 0
 172 00de 05A9     		add	r1, sp, #20
 173 00e0 3046     		mov	r0, r6
 174 00e2 FFF7FEFF 		bl	HAL_GPIO_Init
 175              	.LVL6:
  87:Src/gpio.c    **** 
  88:Src/gpio.c    ****   /*Configure GPIO pin : PtPin */
  89:Src/gpio.c    ****   GPIO_InitStruct.Pin = LED_Pin;
 176              		.loc 1 89 0
 177 00e6 4FF48073 		mov	r3, #256
 178 00ea 0593     		str	r3, [sp, #20]
  90:Src/gpio.c    ****   GPIO_InitStruct.Mode = GPIO_MODE_OUTPUT_PP;
 179              		.loc 1 90 0
 180 00ec 0695     		str	r5, [sp, #24]
  91:Src/gpio.c    ****   GPIO_InitStruct.Pull = GPIO_PULLUP;
 181              		.loc 1 91 0
 182 00ee 0795     		str	r5, [sp, #28]
  92:Src/gpio.c    ****   GPIO_InitStruct.Speed = GPIO_SPEED_FREQ_LOW;
 183              		.loc 1 92 0
 184 00f0 0894     		str	r4, [sp, #32]
  93:Src/gpio.c    ****   HAL_GPIO_Init(LED_GPIO_Port, &GPIO_InitStruct);
 185              		.loc 1 93 0
 186 00f2 05A9     		add	r1, sp, #20
 187 00f4 3846     		mov	r0, r7
 188 00f6 FFF7FEFF 		bl	HAL_GPIO_Init
 189              	.LVL7:
  94:Src/gpio.c    **** 
  95:Src/gpio.c    ****   /*Configure GPIO pin : PtPin */
  96:Src/gpio.c    ****   GPIO_InitStruct.Pin = ECHO_Pin;
 190              		.loc 1 96 0
ARM GAS  C:\Users\Cairne\AppData\Local\Temp\ccCkNPOZ.s 			page 6


 191 00fa 4FF40063 		mov	r3, #2048
 192 00fe 0593     		str	r3, [sp, #20]
  97:Src/gpio.c    ****   GPIO_InitStruct.Mode = GPIO_MODE_IT_FALLING;
 193              		.loc 1 97 0
 194 0100 0B4B     		ldr	r3, .L3+12
 195 0102 0693     		str	r3, [sp, #24]
  98:Src/gpio.c    ****   GPIO_InitStruct.Pull = GPIO_PULLUP;
 196              		.loc 1 98 0
 197 0104 0795     		str	r5, [sp, #28]
  99:Src/gpio.c    ****   HAL_GPIO_Init(ECHO_GPIO_Port, &GPIO_InitStruct);
 198              		.loc 1 99 0
 199 0106 05A9     		add	r1, sp, #20
 200 0108 3846     		mov	r0, r7
 201 010a FFF7FEFF 		bl	HAL_GPIO_Init
 202              	.LVL8:
 100:Src/gpio.c    **** 
 101:Src/gpio.c    ****   /* EXTI interrupt init*/
 102:Src/gpio.c    ****   HAL_NVIC_SetPriority(EXTI15_10_IRQn, 0, 1);
 203              		.loc 1 102 0
 204 010e 2A46     		mov	r2, r5
 205 0110 2146     		mov	r1, r4
 206 0112 2820     		movs	r0, #40
 207 0114 FFF7FEFF 		bl	HAL_NVIC_SetPriority
 208              	.LVL9:
 103:Src/gpio.c    ****   HAL_NVIC_EnableIRQ(EXTI15_10_IRQn);
 209              		.loc 1 103 0
 210 0118 2820     		movs	r0, #40
 211 011a FFF7FEFF 		bl	HAL_NVIC_EnableIRQ
 212              	.LVL10:
 104:Src/gpio.c    **** 
 105:Src/gpio.c    **** }
 213              		.loc 1 105 0
 214 011e 0BB0     		add	sp, sp, #44
 215              	.LCFI2:
 216              		.cfi_def_cfa_offset 28
 217              		@ sp needed
 218 0120 BDE8F083 		pop	{r4, r5, r6, r7, r8, r9, pc}
 219              	.L4:
 220              		.align	2
 221              	.L3:
 222 0124 00380240 		.word	1073887232
 223 0128 00080240 		.word	1073874944
 224 012c 00000240 		.word	1073872896
 225 0130 00002110 		.word	270598144
 226 0134 00040240 		.word	1073873920
 227              		.cfi_endproc
 228              	.LFE130:
 230              		.text
 231              	.Letext0:
 232              		.file 2 "c:\\program files (x86)\\gnu tools arm embedded\\7 2018-q2-update\\arm-none-eabi\\include
 233              		.file 3 "c:\\program files (x86)\\gnu tools arm embedded\\7 2018-q2-update\\arm-none-eabi\\include
 234              		.file 4 "Drivers/CMSIS/Include/core_cm4.h"
 235              		.file 5 "Drivers/CMSIS/Device/ST/STM32F4xx/Include/system_stm32f4xx.h"
 236              		.file 6 "Drivers/CMSIS/Device/ST/STM32F4xx/Include/stm32f405xx.h"
 237              		.file 7 "Drivers/STM32F4xx_HAL_Driver/Inc/stm32f4xx_hal_gpio.h"
 238              		.file 8 "Drivers/STM32F4xx_HAL_Driver/Inc/stm32f4xx_hal_cortex.h"
ARM GAS  C:\Users\Cairne\AppData\Local\Temp\ccCkNPOZ.s 			page 7


DEFINED SYMBOLS
                            *ABS*:00000000 gpio.c
C:\Users\Cairne\AppData\Local\Temp\ccCkNPOZ.s:18     .text.MX_GPIO_Init:00000000 $t
C:\Users\Cairne\AppData\Local\Temp\ccCkNPOZ.s:25     .text.MX_GPIO_Init:00000000 MX_GPIO_Init
C:\Users\Cairne\AppData\Local\Temp\ccCkNPOZ.s:222    .text.MX_GPIO_Init:00000124 $d

UNDEFINED SYMBOLS
HAL_GPIO_WritePin
HAL_GPIO_Init
HAL_NVIC_SetPriority
HAL_NVIC_EnableIRQ
