ARM GAS  C:\Users\Cairne\AppData\Local\Temp\ccsZlQ8h.s 			page 1


   1              		.cpu cortex-m4
   2              		.eabi_attribute 27, 1
   3              		.eabi_attribute 28, 1
   4              		.eabi_attribute 20, 1
   5              		.eabi_attribute 21, 1
   6              		.eabi_attribute 23, 3
   7              		.eabi_attribute 24, 1
   8              		.eabi_attribute 25, 1
   9              		.eabi_attribute 26, 1
  10              		.eabi_attribute 30, 1
  11              		.eabi_attribute 34, 1
  12              		.eabi_attribute 18, 4
  13              		.file	"stm32f4xx_it.c"
  14              		.text
  15              	.Ltext0:
  16              		.cfi_sections	.debug_frame
  17              		.section	.text.NMI_Handler,"ax",%progbits
  18              		.align	1
  19              		.global	NMI_Handler
  20              		.syntax unified
  21              		.thumb
  22              		.thumb_func
  23              		.fpu fpv4-sp-d16
  25              	NMI_Handler:
  26              	.LFB130:
  27              		.file 1 "Src/stm32f4xx_it.c"
   1:Src/stm32f4xx_it.c **** /* USER CODE BEGIN Header */
   2:Src/stm32f4xx_it.c **** /**
   3:Src/stm32f4xx_it.c ****   ******************************************************************************
   4:Src/stm32f4xx_it.c ****   * @file    stm32f4xx_it.c
   5:Src/stm32f4xx_it.c ****   * @brief   Interrupt Service Routines.
   6:Src/stm32f4xx_it.c ****   ******************************************************************************
   7:Src/stm32f4xx_it.c ****   * @attention
   8:Src/stm32f4xx_it.c ****   *
   9:Src/stm32f4xx_it.c ****   * <h2><center>&copy; Copyright (c) 2019 STMicroelectronics.
  10:Src/stm32f4xx_it.c ****   * All rights reserved.</center></h2>
  11:Src/stm32f4xx_it.c ****   *
  12:Src/stm32f4xx_it.c ****   * This software component is licensed by ST under BSD 3-Clause license,
  13:Src/stm32f4xx_it.c ****   * the "License"; You may not use this file except in compliance with the
  14:Src/stm32f4xx_it.c ****   * License. You may obtain a copy of the License at:
  15:Src/stm32f4xx_it.c ****   *                        opensource.org/licenses/BSD-3-Clause
  16:Src/stm32f4xx_it.c ****   *
  17:Src/stm32f4xx_it.c ****   ******************************************************************************
  18:Src/stm32f4xx_it.c ****   */
  19:Src/stm32f4xx_it.c **** /* USER CODE END Header */
  20:Src/stm32f4xx_it.c **** 
  21:Src/stm32f4xx_it.c **** /* Includes ------------------------------------------------------------------*/
  22:Src/stm32f4xx_it.c **** #include "main.h"
  23:Src/stm32f4xx_it.c **** #include "stm32f4xx_it.h"
  24:Src/stm32f4xx_it.c **** /* Private includes ----------------------------------------------------------*/
  25:Src/stm32f4xx_it.c **** /* USER CODE BEGIN Includes */
  26:Src/stm32f4xx_it.c **** #include "tim.h"
  27:Src/stm32f4xx_it.c **** #include "test.h"
  28:Src/stm32f4xx_it.c **** /* USER CODE END Includes */
  29:Src/stm32f4xx_it.c **** 
  30:Src/stm32f4xx_it.c **** /* Private typedef -----------------------------------------------------------*/
  31:Src/stm32f4xx_it.c **** /* USER CODE BEGIN TD */
ARM GAS  C:\Users\Cairne\AppData\Local\Temp\ccsZlQ8h.s 			page 2


  32:Src/stm32f4xx_it.c **** extern ULTRASONIC myUltrasonic;
  33:Src/stm32f4xx_it.c **** volatile uint8_t delayCnt = 0;
  34:Src/stm32f4xx_it.c **** /* USER CODE END TD */
  35:Src/stm32f4xx_it.c **** 
  36:Src/stm32f4xx_it.c **** /* Private define ------------------------------------------------------------*/
  37:Src/stm32f4xx_it.c **** /* USER CODE BEGIN PD */
  38:Src/stm32f4xx_it.c ****  
  39:Src/stm32f4xx_it.c **** /* USER CODE END PD */
  40:Src/stm32f4xx_it.c **** 
  41:Src/stm32f4xx_it.c **** /* Private macro -------------------------------------------------------------*/
  42:Src/stm32f4xx_it.c **** /* USER CODE BEGIN PM */
  43:Src/stm32f4xx_it.c **** 
  44:Src/stm32f4xx_it.c **** /* USER CODE END PM */
  45:Src/stm32f4xx_it.c **** 
  46:Src/stm32f4xx_it.c **** /* Private variables ---------------------------------------------------------*/
  47:Src/stm32f4xx_it.c **** /* USER CODE BEGIN PV */
  48:Src/stm32f4xx_it.c **** 
  49:Src/stm32f4xx_it.c **** /* USER CODE END PV */
  50:Src/stm32f4xx_it.c **** 
  51:Src/stm32f4xx_it.c **** /* Private function prototypes -----------------------------------------------*/
  52:Src/stm32f4xx_it.c **** /* USER CODE BEGIN PFP */
  53:Src/stm32f4xx_it.c **** 
  54:Src/stm32f4xx_it.c **** /* USER CODE END PFP */
  55:Src/stm32f4xx_it.c **** 
  56:Src/stm32f4xx_it.c **** /* Private user code ---------------------------------------------------------*/
  57:Src/stm32f4xx_it.c **** /* USER CODE BEGIN 0 */
  58:Src/stm32f4xx_it.c **** 
  59:Src/stm32f4xx_it.c **** /* USER CODE END 0 */
  60:Src/stm32f4xx_it.c **** 
  61:Src/stm32f4xx_it.c **** /* External variables --------------------------------------------------------*/
  62:Src/stm32f4xx_it.c **** extern DMA_HandleTypeDef hdma_tim1_ch2;
  63:Src/stm32f4xx_it.c **** /* USER CODE BEGIN EV */
  64:Src/stm32f4xx_it.c **** 
  65:Src/stm32f4xx_it.c **** /* USER CODE END EV */
  66:Src/stm32f4xx_it.c **** 
  67:Src/stm32f4xx_it.c **** /******************************************************************************/
  68:Src/stm32f4xx_it.c **** /*           Cortex-M4 Processor Interruption and Exception Handlers          */ 
  69:Src/stm32f4xx_it.c **** /******************************************************************************/
  70:Src/stm32f4xx_it.c **** /**
  71:Src/stm32f4xx_it.c ****   * @brief This function handles Non maskable interrupt.
  72:Src/stm32f4xx_it.c ****   */
  73:Src/stm32f4xx_it.c **** void NMI_Handler(void)
  74:Src/stm32f4xx_it.c **** {
  28              		.loc 1 74 0
  29              		.cfi_startproc
  30              		@ args = 0, pretend = 0, frame = 0
  31              		@ frame_needed = 0, uses_anonymous_args = 0
  32 0000 08B5     		push	{r3, lr}
  33              	.LCFI0:
  34              		.cfi_def_cfa_offset 8
  35              		.cfi_offset 3, -8
  36              		.cfi_offset 14, -4
  75:Src/stm32f4xx_it.c ****   /* USER CODE BEGIN NonMaskableInt_IRQn 0 */
  76:Src/stm32f4xx_it.c **** 
  77:Src/stm32f4xx_it.c ****   /* USER CODE END NonMaskableInt_IRQn 0 */
  78:Src/stm32f4xx_it.c ****   HAL_RCC_NMI_IRQHandler();
  37              		.loc 1 78 0
ARM GAS  C:\Users\Cairne\AppData\Local\Temp\ccsZlQ8h.s 			page 3


  38 0002 FFF7FEFF 		bl	HAL_RCC_NMI_IRQHandler
  39              	.LVL0:
  79:Src/stm32f4xx_it.c ****   /* USER CODE BEGIN NonMaskableInt_IRQn 1 */
  80:Src/stm32f4xx_it.c **** 
  81:Src/stm32f4xx_it.c ****   /* USER CODE END NonMaskableInt_IRQn 1 */
  82:Src/stm32f4xx_it.c **** }
  40              		.loc 1 82 0
  41 0006 08BD     		pop	{r3, pc}
  42              		.cfi_endproc
  43              	.LFE130:
  45              		.section	.text.HardFault_Handler,"ax",%progbits
  46              		.align	1
  47              		.global	HardFault_Handler
  48              		.syntax unified
  49              		.thumb
  50              		.thumb_func
  51              		.fpu fpv4-sp-d16
  53              	HardFault_Handler:
  54              	.LFB131:
  83:Src/stm32f4xx_it.c **** 
  84:Src/stm32f4xx_it.c **** /**
  85:Src/stm32f4xx_it.c ****   * @brief This function handles Hard fault interrupt.
  86:Src/stm32f4xx_it.c ****   */
  87:Src/stm32f4xx_it.c **** void HardFault_Handler(void)
  88:Src/stm32f4xx_it.c **** {
  55              		.loc 1 88 0
  56              		.cfi_startproc
  57              		@ Volatile: function does not return.
  58              		@ args = 0, pretend = 0, frame = 0
  59              		@ frame_needed = 0, uses_anonymous_args = 0
  60              		@ link register save eliminated.
  61              	.L4:
  62 0000 FEE7     		b	.L4
  63              		.cfi_endproc
  64              	.LFE131:
  66              		.section	.text.MemManage_Handler,"ax",%progbits
  67              		.align	1
  68              		.global	MemManage_Handler
  69              		.syntax unified
  70              		.thumb
  71              		.thumb_func
  72              		.fpu fpv4-sp-d16
  74              	MemManage_Handler:
  75              	.LFB132:
  89:Src/stm32f4xx_it.c ****   /* USER CODE BEGIN HardFault_IRQn 0 */
  90:Src/stm32f4xx_it.c **** 
  91:Src/stm32f4xx_it.c ****   /* USER CODE END HardFault_IRQn 0 */
  92:Src/stm32f4xx_it.c ****   while (1)
  93:Src/stm32f4xx_it.c ****   {
  94:Src/stm32f4xx_it.c ****     /* USER CODE BEGIN W1_HardFault_IRQn 0 */
  95:Src/stm32f4xx_it.c ****     /* USER CODE END W1_HardFault_IRQn 0 */
  96:Src/stm32f4xx_it.c ****   }
  97:Src/stm32f4xx_it.c **** }
  98:Src/stm32f4xx_it.c **** 
  99:Src/stm32f4xx_it.c **** /**
 100:Src/stm32f4xx_it.c ****   * @brief This function handles Memory management fault.
 101:Src/stm32f4xx_it.c ****   */
ARM GAS  C:\Users\Cairne\AppData\Local\Temp\ccsZlQ8h.s 			page 4


 102:Src/stm32f4xx_it.c **** void MemManage_Handler(void)
 103:Src/stm32f4xx_it.c **** {
  76              		.loc 1 103 0
  77              		.cfi_startproc
  78              		@ Volatile: function does not return.
  79              		@ args = 0, pretend = 0, frame = 0
  80              		@ frame_needed = 0, uses_anonymous_args = 0
  81              		@ link register save eliminated.
  82              	.L6:
  83 0000 FEE7     		b	.L6
  84              		.cfi_endproc
  85              	.LFE132:
  87              		.section	.text.BusFault_Handler,"ax",%progbits
  88              		.align	1
  89              		.global	BusFault_Handler
  90              		.syntax unified
  91              		.thumb
  92              		.thumb_func
  93              		.fpu fpv4-sp-d16
  95              	BusFault_Handler:
  96              	.LFB133:
 104:Src/stm32f4xx_it.c ****   /* USER CODE BEGIN MemoryManagement_IRQn 0 */
 105:Src/stm32f4xx_it.c **** 
 106:Src/stm32f4xx_it.c ****   /* USER CODE END MemoryManagement_IRQn 0 */
 107:Src/stm32f4xx_it.c ****   while (1)
 108:Src/stm32f4xx_it.c ****   {
 109:Src/stm32f4xx_it.c ****     /* USER CODE BEGIN W1_MemoryManagement_IRQn 0 */
 110:Src/stm32f4xx_it.c ****     /* USER CODE END W1_MemoryManagement_IRQn 0 */
 111:Src/stm32f4xx_it.c ****   }
 112:Src/stm32f4xx_it.c **** }
 113:Src/stm32f4xx_it.c **** 
 114:Src/stm32f4xx_it.c **** /**
 115:Src/stm32f4xx_it.c ****   * @brief This function handles Pre-fetch fault, memory access fault.
 116:Src/stm32f4xx_it.c ****   */
 117:Src/stm32f4xx_it.c **** void BusFault_Handler(void)
 118:Src/stm32f4xx_it.c **** {
  97              		.loc 1 118 0
  98              		.cfi_startproc
  99              		@ Volatile: function does not return.
 100              		@ args = 0, pretend = 0, frame = 0
 101              		@ frame_needed = 0, uses_anonymous_args = 0
 102              		@ link register save eliminated.
 103              	.L8:
 104 0000 FEE7     		b	.L8
 105              		.cfi_endproc
 106              	.LFE133:
 108              		.section	.text.UsageFault_Handler,"ax",%progbits
 109              		.align	1
 110              		.global	UsageFault_Handler
 111              		.syntax unified
 112              		.thumb
 113              		.thumb_func
 114              		.fpu fpv4-sp-d16
 116              	UsageFault_Handler:
 117              	.LFB134:
 119:Src/stm32f4xx_it.c ****   /* USER CODE BEGIN BusFault_IRQn 0 */
 120:Src/stm32f4xx_it.c **** 
ARM GAS  C:\Users\Cairne\AppData\Local\Temp\ccsZlQ8h.s 			page 5


 121:Src/stm32f4xx_it.c ****   /* USER CODE END BusFault_IRQn 0 */
 122:Src/stm32f4xx_it.c ****   while (1)
 123:Src/stm32f4xx_it.c ****   {
 124:Src/stm32f4xx_it.c ****     /* USER CODE BEGIN W1_BusFault_IRQn 0 */
 125:Src/stm32f4xx_it.c ****     /* USER CODE END W1_BusFault_IRQn 0 */
 126:Src/stm32f4xx_it.c ****   }
 127:Src/stm32f4xx_it.c **** }
 128:Src/stm32f4xx_it.c **** 
 129:Src/stm32f4xx_it.c **** /**
 130:Src/stm32f4xx_it.c ****   * @brief This function handles Undefined instruction or illegal state.
 131:Src/stm32f4xx_it.c ****   */
 132:Src/stm32f4xx_it.c **** void UsageFault_Handler(void)
 133:Src/stm32f4xx_it.c **** {
 118              		.loc 1 133 0
 119              		.cfi_startproc
 120              		@ Volatile: function does not return.
 121              		@ args = 0, pretend = 0, frame = 0
 122              		@ frame_needed = 0, uses_anonymous_args = 0
 123              		@ link register save eliminated.
 124              	.L10:
 125 0000 FEE7     		b	.L10
 126              		.cfi_endproc
 127              	.LFE134:
 129              		.section	.text.SVC_Handler,"ax",%progbits
 130              		.align	1
 131              		.global	SVC_Handler
 132              		.syntax unified
 133              		.thumb
 134              		.thumb_func
 135              		.fpu fpv4-sp-d16
 137              	SVC_Handler:
 138              	.LFB135:
 134:Src/stm32f4xx_it.c ****   /* USER CODE BEGIN UsageFault_IRQn 0 */
 135:Src/stm32f4xx_it.c **** 
 136:Src/stm32f4xx_it.c ****   /* USER CODE END UsageFault_IRQn 0 */
 137:Src/stm32f4xx_it.c ****   while (1)
 138:Src/stm32f4xx_it.c ****   {
 139:Src/stm32f4xx_it.c ****     /* USER CODE BEGIN W1_UsageFault_IRQn 0 */
 140:Src/stm32f4xx_it.c ****     /* USER CODE END W1_UsageFault_IRQn 0 */
 141:Src/stm32f4xx_it.c ****   }
 142:Src/stm32f4xx_it.c **** }
 143:Src/stm32f4xx_it.c **** 
 144:Src/stm32f4xx_it.c **** /**
 145:Src/stm32f4xx_it.c ****   * @brief This function handles System service call via SWI instruction.
 146:Src/stm32f4xx_it.c ****   */
 147:Src/stm32f4xx_it.c **** void SVC_Handler(void)
 148:Src/stm32f4xx_it.c **** {
 139              		.loc 1 148 0
 140              		.cfi_startproc
 141              		@ args = 0, pretend = 0, frame = 0
 142              		@ frame_needed = 0, uses_anonymous_args = 0
 143              		@ link register save eliminated.
 149:Src/stm32f4xx_it.c ****   /* USER CODE BEGIN SVCall_IRQn 0 */
 150:Src/stm32f4xx_it.c **** 
 151:Src/stm32f4xx_it.c ****   /* USER CODE END SVCall_IRQn 0 */
 152:Src/stm32f4xx_it.c ****   /* USER CODE BEGIN SVCall_IRQn 1 */
 153:Src/stm32f4xx_it.c **** 
ARM GAS  C:\Users\Cairne\AppData\Local\Temp\ccsZlQ8h.s 			page 6


 154:Src/stm32f4xx_it.c ****   /* USER CODE END SVCall_IRQn 1 */
 155:Src/stm32f4xx_it.c **** }
 144              		.loc 1 155 0
 145 0000 7047     		bx	lr
 146              		.cfi_endproc
 147              	.LFE135:
 149              		.section	.text.DebugMon_Handler,"ax",%progbits
 150              		.align	1
 151              		.global	DebugMon_Handler
 152              		.syntax unified
 153              		.thumb
 154              		.thumb_func
 155              		.fpu fpv4-sp-d16
 157              	DebugMon_Handler:
 158              	.LFB136:
 156:Src/stm32f4xx_it.c **** 
 157:Src/stm32f4xx_it.c **** /**
 158:Src/stm32f4xx_it.c ****   * @brief This function handles Debug monitor.
 159:Src/stm32f4xx_it.c ****   */
 160:Src/stm32f4xx_it.c **** void DebugMon_Handler(void)
 161:Src/stm32f4xx_it.c **** {
 159              		.loc 1 161 0
 160              		.cfi_startproc
 161              		@ args = 0, pretend = 0, frame = 0
 162              		@ frame_needed = 0, uses_anonymous_args = 0
 163              		@ link register save eliminated.
 162:Src/stm32f4xx_it.c ****   /* USER CODE BEGIN DebugMonitor_IRQn 0 */
 163:Src/stm32f4xx_it.c **** 
 164:Src/stm32f4xx_it.c ****   /* USER CODE END DebugMonitor_IRQn 0 */
 165:Src/stm32f4xx_it.c ****   /* USER CODE BEGIN DebugMonitor_IRQn 1 */
 166:Src/stm32f4xx_it.c **** 
 167:Src/stm32f4xx_it.c ****   /* USER CODE END DebugMonitor_IRQn 1 */
 168:Src/stm32f4xx_it.c **** }
 164              		.loc 1 168 0
 165 0000 7047     		bx	lr
 166              		.cfi_endproc
 167              	.LFE136:
 169              		.section	.text.PendSV_Handler,"ax",%progbits
 170              		.align	1
 171              		.global	PendSV_Handler
 172              		.syntax unified
 173              		.thumb
 174              		.thumb_func
 175              		.fpu fpv4-sp-d16
 177              	PendSV_Handler:
 178              	.LFB137:
 169:Src/stm32f4xx_it.c **** 
 170:Src/stm32f4xx_it.c **** /**
 171:Src/stm32f4xx_it.c ****   * @brief This function handles Pendable request for system service.
 172:Src/stm32f4xx_it.c ****   */
 173:Src/stm32f4xx_it.c **** void PendSV_Handler(void)
 174:Src/stm32f4xx_it.c **** {
 179              		.loc 1 174 0
 180              		.cfi_startproc
 181              		@ args = 0, pretend = 0, frame = 0
 182              		@ frame_needed = 0, uses_anonymous_args = 0
 183              		@ link register save eliminated.
ARM GAS  C:\Users\Cairne\AppData\Local\Temp\ccsZlQ8h.s 			page 7


 175:Src/stm32f4xx_it.c ****   /* USER CODE BEGIN PendSV_IRQn 0 */
 176:Src/stm32f4xx_it.c **** 
 177:Src/stm32f4xx_it.c ****   /* USER CODE END PendSV_IRQn 0 */
 178:Src/stm32f4xx_it.c ****   /* USER CODE BEGIN PendSV_IRQn 1 */
 179:Src/stm32f4xx_it.c **** 
 180:Src/stm32f4xx_it.c ****   /* USER CODE END PendSV_IRQn 1 */
 181:Src/stm32f4xx_it.c **** }
 184              		.loc 1 181 0
 185 0000 7047     		bx	lr
 186              		.cfi_endproc
 187              	.LFE137:
 189              		.section	.text.SysTick_Handler,"ax",%progbits
 190              		.align	1
 191              		.global	SysTick_Handler
 192              		.syntax unified
 193              		.thumb
 194              		.thumb_func
 195              		.fpu fpv4-sp-d16
 197              	SysTick_Handler:
 198              	.LFB138:
 182:Src/stm32f4xx_it.c **** 
 183:Src/stm32f4xx_it.c **** /**
 184:Src/stm32f4xx_it.c ****   * @brief This function handles System tick timer.
 185:Src/stm32f4xx_it.c ****   */
 186:Src/stm32f4xx_it.c **** void SysTick_Handler(void)
 187:Src/stm32f4xx_it.c **** {
 199              		.loc 1 187 0
 200              		.cfi_startproc
 201              		@ args = 0, pretend = 0, frame = 0
 202              		@ frame_needed = 0, uses_anonymous_args = 0
 203 0000 08B5     		push	{r3, lr}
 204              	.LCFI1:
 205              		.cfi_def_cfa_offset 8
 206              		.cfi_offset 3, -8
 207              		.cfi_offset 14, -4
 188:Src/stm32f4xx_it.c ****   /* USER CODE BEGIN SysTick_IRQn 0 */
 189:Src/stm32f4xx_it.c **** 
 190:Src/stm32f4xx_it.c ****   /* USER CODE END SysTick_IRQn 0 */
 191:Src/stm32f4xx_it.c ****   HAL_IncTick();
 208              		.loc 1 191 0
 209 0002 FFF7FEFF 		bl	HAL_IncTick
 210              	.LVL1:
 192:Src/stm32f4xx_it.c ****   /* USER CODE BEGIN SysTick_IRQn 1 */
 193:Src/stm32f4xx_it.c ****   // if(delayCnt <= 3 && myUltrasonic.trigFlag == 1){
 194:Src/stm32f4xx_it.c ****   //   delayCnt++;
 195:Src/stm32f4xx_it.c ****   //   if(delayCnt == 3){
 196:Src/stm32f4xx_it.c ****   //     delayCnt = 0;
 197:Src/stm32f4xx_it.c ****   //     myUltrasonic.timCnt0 = __HAL_TIM_GET_COUNTER(&htim1);
 198:Src/stm32f4xx_it.c ****   //     HAL_GPIO_TogglePin(GPIOC,GPIO_PIN_13);
 199:Src/stm32f4xx_it.c ****   //     myUltrasonic.trigFlag = 0;
 200:Src/stm32f4xx_it.c ****   //     myUltrasonic.trigEndFlag = 1;
 201:Src/stm32f4xx_it.c ****   //     __HAL_GPIO_EXTI_CLEAR_IT(GPIO_PIN_11);
 202:Src/stm32f4xx_it.c ****   //     HAL_NVIC_ClearPendingIRQ(EXTI15_10_IRQn);
 203:Src/stm32f4xx_it.c ****   //     HAL_NVIC_EnableIRQ(EXTI15_10_IRQn);
 204:Src/stm32f4xx_it.c ****   //   }
 205:Src/stm32f4xx_it.c ****   // }
 206:Src/stm32f4xx_it.c ****   // if(myUltrasonic.trigFlag == 0 && myUltrasonic.trigEndFlag == 0){
ARM GAS  C:\Users\Cairne\AppData\Local\Temp\ccsZlQ8h.s 			page 8


 207:Src/stm32f4xx_it.c ****   //   if(myUltrasonic.timCnt0 >= myUltrasonic.timCnt1){
 208:Src/stm32f4xx_it.c ****   //     myUltrasonic.distance = (65535 - (myUltrasonic.timCnt0 - myUltrasonic.timCnt1))*0.17;
 209:Src/stm32f4xx_it.c ****   //   }
 210:Src/stm32f4xx_it.c ****   //   else{
 211:Src/stm32f4xx_it.c ****   //     myUltrasonic.distance = (myUltrasonic.timCnt1 - myUltrasonic.timCnt0)*0.17;
 212:Src/stm32f4xx_it.c ****   //   }
 213:Src/stm32f4xx_it.c ****     
 214:Src/stm32f4xx_it.c ****   // }
 215:Src/stm32f4xx_it.c **** 
 216:Src/stm32f4xx_it.c ****   /* USER CODE END SysTick_IRQn 1 */
 217:Src/stm32f4xx_it.c **** }
 211              		.loc 1 217 0
 212 0006 08BD     		pop	{r3, pc}
 213              		.cfi_endproc
 214              	.LFE138:
 216              		.section	.text.EXTI15_10_IRQHandler,"ax",%progbits
 217              		.align	1
 218              		.global	EXTI15_10_IRQHandler
 219              		.syntax unified
 220              		.thumb
 221              		.thumb_func
 222              		.fpu fpv4-sp-d16
 224              	EXTI15_10_IRQHandler:
 225              	.LFB139:
 218:Src/stm32f4xx_it.c **** 
 219:Src/stm32f4xx_it.c **** /******************************************************************************/
 220:Src/stm32f4xx_it.c **** /* STM32F4xx Peripheral Interrupt Handlers                                    */
 221:Src/stm32f4xx_it.c **** /* Add here the Interrupt Handlers for the used peripherals.                  */
 222:Src/stm32f4xx_it.c **** /* For the available peripheral interrupt handler names,                      */
 223:Src/stm32f4xx_it.c **** /* please refer to the startup file (startup_stm32f4xx.s).                    */
 224:Src/stm32f4xx_it.c **** /******************************************************************************/
 225:Src/stm32f4xx_it.c **** 
 226:Src/stm32f4xx_it.c **** /**
 227:Src/stm32f4xx_it.c ****   * @brief This function handles EXTI line[15:10] interrupts.
 228:Src/stm32f4xx_it.c ****   */
 229:Src/stm32f4xx_it.c **** void EXTI15_10_IRQHandler(void)
 230:Src/stm32f4xx_it.c **** {
 226              		.loc 1 230 0
 227              		.cfi_startproc
 228              		@ args = 0, pretend = 0, frame = 0
 229              		@ frame_needed = 0, uses_anonymous_args = 0
 230 0000 08B5     		push	{r3, lr}
 231              	.LCFI2:
 232              		.cfi_def_cfa_offset 8
 233              		.cfi_offset 3, -8
 234              		.cfi_offset 14, -4
 231:Src/stm32f4xx_it.c ****   /* USER CODE BEGIN EXTI15_10_IRQn 0 */
 232:Src/stm32f4xx_it.c **** 
 233:Src/stm32f4xx_it.c ****   /* USER CODE END EXTI15_10_IRQn 0 */
 234:Src/stm32f4xx_it.c ****   HAL_GPIO_EXTI_IRQHandler(GPIO_PIN_11);
 235              		.loc 1 234 0
 236 0002 4FF40060 		mov	r0, #2048
 237 0006 FFF7FEFF 		bl	HAL_GPIO_EXTI_IRQHandler
 238              	.LVL2:
 235:Src/stm32f4xx_it.c ****   /* USER CODE BEGIN EXTI15_10_IRQn 1 */
 236:Src/stm32f4xx_it.c ****   myUltrasonic.timCnt1 = __HAL_TIM_GetCounter(&htim1);
 239              		.loc 1 236 0
ARM GAS  C:\Users\Cairne\AppData\Local\Temp\ccsZlQ8h.s 			page 9


 240 000a 044B     		ldr	r3, .L18
 241 000c 1B68     		ldr	r3, [r3]
 242 000e 5A6A     		ldr	r2, [r3, #36]
 243 0010 034B     		ldr	r3, .L18+4
 244 0012 9A60     		str	r2, [r3, #8]
 237:Src/stm32f4xx_it.c ****   
 238:Src/stm32f4xx_it.c ****   myUltrasonic.trigEndFlag = 0;
 245              		.loc 1 238 0
 246 0014 0022     		movs	r2, #0
 247 0016 DA70     		strb	r2, [r3, #3]
 239:Src/stm32f4xx_it.c ****   /* USER CODE END EXTI15_10_IRQn 1 */
 240:Src/stm32f4xx_it.c **** }
 248              		.loc 1 240 0
 249 0018 08BD     		pop	{r3, pc}
 250              	.L19:
 251 001a 00BF     		.align	2
 252              	.L18:
 253 001c 00000000 		.word	htim1
 254 0020 00000000 		.word	myUltrasonic
 255              		.cfi_endproc
 256              	.LFE139:
 258              		.section	.text.DMA2_Stream2_IRQHandler,"ax",%progbits
 259              		.align	1
 260              		.global	DMA2_Stream2_IRQHandler
 261              		.syntax unified
 262              		.thumb
 263              		.thumb_func
 264              		.fpu fpv4-sp-d16
 266              	DMA2_Stream2_IRQHandler:
 267              	.LFB140:
 241:Src/stm32f4xx_it.c **** 
 242:Src/stm32f4xx_it.c **** /**
 243:Src/stm32f4xx_it.c ****   * @brief This function handles DMA2 stream2 global interrupt.
 244:Src/stm32f4xx_it.c ****   */
 245:Src/stm32f4xx_it.c **** void DMA2_Stream2_IRQHandler(void)
 246:Src/stm32f4xx_it.c **** {
 268              		.loc 1 246 0
 269              		.cfi_startproc
 270              		@ args = 0, pretend = 0, frame = 0
 271              		@ frame_needed = 0, uses_anonymous_args = 0
 272 0000 08B5     		push	{r3, lr}
 273              	.LCFI3:
 274              		.cfi_def_cfa_offset 8
 275              		.cfi_offset 3, -8
 276              		.cfi_offset 14, -4
 247:Src/stm32f4xx_it.c ****   /* USER CODE BEGIN DMA2_Stream2_IRQn 0 */
 248:Src/stm32f4xx_it.c ****   TIM_CCxChannelCmd(&htim1,TIM_CHANNEL_2,TIM_CCx_DISABLE);
 277              		.loc 1 248 0
 278 0002 0022     		movs	r2, #0
 279 0004 0421     		movs	r1, #4
 280 0006 0348     		ldr	r0, .L22
 281 0008 FFF7FEFF 		bl	TIM_CCxChannelCmd
 282              	.LVL3:
 249:Src/stm32f4xx_it.c ****   /* USER CODE END DMA2_Stream2_IRQn 0 */
 250:Src/stm32f4xx_it.c ****   HAL_DMA_IRQHandler(&hdma_tim1_ch2);
 283              		.loc 1 250 0
 284 000c 0248     		ldr	r0, .L22+4
ARM GAS  C:\Users\Cairne\AppData\Local\Temp\ccsZlQ8h.s 			page 10


 285 000e FFF7FEFF 		bl	HAL_DMA_IRQHandler
 286              	.LVL4:
 251:Src/stm32f4xx_it.c ****   /* USER CODE BEGIN DMA2_Stream2_IRQn 1 */
 252:Src/stm32f4xx_it.c ****   //HAL_TIM_OC_Start_DMA(&htim1,TIM_CHANNEL_3,2000,1);
 253:Src/stm32f4xx_it.c ****   /* USER CODE END DMA2_Stream2_IRQn 1 */
 254:Src/stm32f4xx_it.c **** }
 287              		.loc 1 254 0
 288 0012 08BD     		pop	{r3, pc}
 289              	.L23:
 290              		.align	2
 291              	.L22:
 292 0014 00000000 		.word	htim1
 293 0018 00000000 		.word	hdma_tim1_ch2
 294              		.cfi_endproc
 295              	.LFE140:
 297              		.section	.text.HAL_TIM_PWM_PulseFinishedCallback,"ax",%progbits
 298              		.align	1
 299              		.global	HAL_TIM_PWM_PulseFinishedCallback
 300              		.syntax unified
 301              		.thumb
 302              		.thumb_func
 303              		.fpu fpv4-sp-d16
 305              	HAL_TIM_PWM_PulseFinishedCallback:
 306              	.LFB141:
 255:Src/stm32f4xx_it.c **** 
 256:Src/stm32f4xx_it.c **** /* USER CODE BEGIN 1 */
 257:Src/stm32f4xx_it.c **** void HAL_TIM_PWM_PulseFinishedCallback(TIM_HandleTypeDef* htim){
 307              		.loc 1 257 0
 308              		.cfi_startproc
 309              		@ args = 0, pretend = 0, frame = 0
 310              		@ frame_needed = 0, uses_anonymous_args = 0
 311              	.LVL5:
 258:Src/stm32f4xx_it.c ****   if(htim == &htim1){
 312              		.loc 1 258 0
 313 0000 0E4B     		ldr	r3, .L31
 314 0002 8342     		cmp	r3, r0
 315 0004 00D0     		beq	.L30
 316 0006 7047     		bx	lr
 317              	.L30:
 257:Src/stm32f4xx_it.c ****   if(htim == &htim1){
 318              		.loc 1 257 0
 319 0008 10B5     		push	{r4, lr}
 320              	.LCFI4:
 321              		.cfi_def_cfa_offset 8
 322              		.cfi_offset 4, -8
 323              		.cfi_offset 14, -4
 259:Src/stm32f4xx_it.c ****     //HAL_TIM_Base_DeInit(&htim1);
 260:Src/stm32f4xx_it.c ****     TIM_CCxChannelCmd(&htim1,TIM_CHANNEL_2,TIM_CCx_DISABLE);
 324              		.loc 1 260 0
 325 000a 1C46     		mov	r4, r3
 326 000c 0022     		movs	r2, #0
 327 000e 0421     		movs	r1, #4
 328 0010 1846     		mov	r0, r3
 329              	.LVL6:
 330 0012 FFF7FEFF 		bl	TIM_CCxChannelCmd
 331              	.LVL7:
 261:Src/stm32f4xx_it.c ****     HAL_GPIO_TogglePin(GPIOA,GPIO_PIN_8);
ARM GAS  C:\Users\Cairne\AppData\Local\Temp\ccsZlQ8h.s 			page 11


 332              		.loc 1 261 0
 333 0016 4FF48071 		mov	r1, #256
 334 001a 0948     		ldr	r0, .L31+4
 335 001c FFF7FEFF 		bl	HAL_GPIO_TogglePin
 336              	.LVL8:
 262:Src/stm32f4xx_it.c ****     myUltrasonic.trigFlag = 1;
 337              		.loc 1 262 0
 338 0020 084B     		ldr	r3, .L31+8
 339 0022 0122     		movs	r2, #1
 340 0024 9A70     		strb	r2, [r3, #2]
 263:Src/stm32f4xx_it.c ****     myUltrasonic.timCnt0 = __HAL_TIM_GET_COUNTER(&htim1);
 341              		.loc 1 263 0
 342 0026 2268     		ldr	r2, [r4]
 343 0028 526A     		ldr	r2, [r2, #36]
 344 002a 5A60     		str	r2, [r3, #4]
 264:Src/stm32f4xx_it.c ****     HAL_NVIC_ClearPendingIRQ(EXTI15_10_IRQn);
 345              		.loc 1 264 0
 346 002c 2820     		movs	r0, #40
 347 002e FFF7FEFF 		bl	HAL_NVIC_ClearPendingIRQ
 348              	.LVL9:
 265:Src/stm32f4xx_it.c ****     HAL_NVIC_EnableIRQ(EXTI15_10_IRQn);
 349              		.loc 1 265 0
 350 0032 2820     		movs	r0, #40
 351 0034 FFF7FEFF 		bl	HAL_NVIC_EnableIRQ
 352              	.LVL10:
 266:Src/stm32f4xx_it.c ****    // HAL_TIMEx_OCN_Stop(&htim1,TIM_CHANNEL_2);
 267:Src/stm32f4xx_it.c ****   }
 268:Src/stm32f4xx_it.c **** }
 353              		.loc 1 268 0
 354 0038 10BD     		pop	{r4, pc}
 355              	.L32:
 356 003a 00BF     		.align	2
 357              	.L31:
 358 003c 00000000 		.word	htim1
 359 0040 00000240 		.word	1073872896
 360 0044 00000000 		.word	myUltrasonic
 361              		.cfi_endproc
 362              	.LFE141:
 364              		.global	__aeabi_ui2d
 365              		.global	__aeabi_dmul
 366              		.global	__aeabi_d2f
 367              		.section	.text.HAL_GPIO_EXTI_Callback,"ax",%progbits
 368              		.align	1
 369              		.global	HAL_GPIO_EXTI_Callback
 370              		.syntax unified
 371              		.thumb
 372              		.thumb_func
 373              		.fpu fpv4-sp-d16
 375              	HAL_GPIO_EXTI_Callback:
 376              	.LFB142:
 269:Src/stm32f4xx_it.c **** 
 270:Src/stm32f4xx_it.c **** void HAL_GPIO_EXTI_Callback(uint16_t GPIO_Pin){
 377              		.loc 1 270 0
 378              		.cfi_startproc
 379              		@ args = 0, pretend = 0, frame = 0
 380              		@ frame_needed = 0, uses_anonymous_args = 0
 381              	.LVL11:
ARM GAS  C:\Users\Cairne\AppData\Local\Temp\ccsZlQ8h.s 			page 12


 271:Src/stm32f4xx_it.c ****   if(GPIO_Pin == GPIO_PIN_11){
 382              		.loc 1 271 0
 383 0000 B0F5006F 		cmp	r0, #2048
 384 0004 00D0     		beq	.L55
 385 0006 7047     		bx	lr
 386              	.L55:
 270:Src/stm32f4xx_it.c ****   if(GPIO_Pin == GPIO_PIN_11){
 387              		.loc 1 270 0
 388 0008 10B5     		push	{r4, lr}
 389              	.LCFI5:
 390              		.cfi_def_cfa_offset 8
 391              		.cfi_offset 4, -8
 392              		.cfi_offset 14, -4
 393              	.LBB2:
 272:Src/stm32f4xx_it.c ****     uint32_t temCnt = __HAL_TIM_GetCounter(&htim1);
 394              		.loc 1 272 0
 395 000a 3B4B     		ldr	r3, .L56+8
 396 000c 1A68     		ldr	r2, [r3]
 397 000e 536A     		ldr	r3, [r2, #36]
 398              	.LVL12:
 273:Src/stm32f4xx_it.c ****     if(temCnt < myUltrasonic.timCnt0){
 399              		.loc 1 273 0
 400 0010 3A49     		ldr	r1, .L56+12
 401 0012 4868     		ldr	r0, [r1, #4]
 402              	.LVL13:
 403 0014 9842     		cmp	r0, r3
 404 0016 2DD9     		bls	.L35
 274:Src/stm32f4xx_it.c ****       if(1800 <= (65535 - myUltrasonic.timCnt0 + temCnt)){
 405              		.loc 1 274 0
 406 0018 1B1A     		subs	r3, r3, r0
 407              	.LVL14:
 408 001a 03F57F43 		add	r3, r3, #65280
 409 001e FF33     		adds	r3, r3, #255
 410 0020 B3F5E16F 		cmp	r3, #1800
 411 0024 1AD3     		bcc	.L33
 275:Src/stm32f4xx_it.c ****         myUltrasonic.timCnt1 = __HAL_TIM_GetCounter(&htim1);
 412              		.loc 1 275 0
 413 0026 536A     		ldr	r3, [r2, #36]
 414 0028 0C46     		mov	r4, r1
 415 002a 8B60     		str	r3, [r1, #8]
 276:Src/stm32f4xx_it.c ****         myUltrasonic.distance = (65535 - (myUltrasonic.timCnt0 - myUltrasonic.timCnt1))*0.17;
 277:Src/stm32f4xx_it.c ****         if(myUltrasonic.distanceTemp >= 2600){
 416              		.loc 1 277 0
 417 002c D4ED047A 		vldr.32	s15, [r4, #16]
 418 0030 9FED337A 		vldr.32	s14, .L56+16
 419 0034 F4EEC77A 		vcmpe.f32	s15, s14
 420 0038 F1EE10FA 		vmrs	APSR_nzcv, FPSCR
 421 003c 0FDB     		blt	.L49
 278:Src/stm32f4xx_it.c ****           myUltrasonic.distanceTemp = 2600;
 422              		.loc 1 278 0
 423 003e 2346     		mov	r3, r4
 424 0040 83ED047A 		vstr.32	s14, [r3, #16]
 425              	.L38:
 279:Src/stm32f4xx_it.c ****         }
 280:Src/stm32f4xx_it.c ****         else if(myUltrasonic.distanceTemp <= 100){
 281:Src/stm32f4xx_it.c ****           myUltrasonic.distanceTemp = 100;
 282:Src/stm32f4xx_it.c ****         }
ARM GAS  C:\Users\Cairne\AppData\Local\Temp\ccsZlQ8h.s 			page 13


 283:Src/stm32f4xx_it.c ****         myUltrasonic.distance = myUltrasonic.distanceTemp;
 426              		.loc 1 283 0
 427 0044 2D4B     		ldr	r3, .L56+12
 428 0046 1A69     		ldr	r2, [r3, #16]	@ float
 429 0048 DA60     		str	r2, [r3, #12]	@ float
 284:Src/stm32f4xx_it.c ****         myUltrasonic.preDistance = myUltrasonic.distance;
 430              		.loc 1 284 0
 431 004a 5A61     		str	r2, [r3, #20]	@ float
 285:Src/stm32f4xx_it.c ****         HAL_GPIO_TogglePin(GPIOC,GPIO_PIN_14);
 432              		.loc 1 285 0
 433 004c 4FF48041 		mov	r1, #16384
 434 0050 2C48     		ldr	r0, .L56+20
 435 0052 FFF7FEFF 		bl	HAL_GPIO_TogglePin
 436              	.LVL15:
 286:Src/stm32f4xx_it.c ****         HAL_NVIC_DisableIRQ(EXTI15_10_IRQn);
 437              		.loc 1 286 0
 438 0056 2820     		movs	r0, #40
 439 0058 FFF7FEFF 		bl	HAL_NVIC_DisableIRQ
 440              	.LVL16:
 441              	.L33:
 442              	.LBE2:
 287:Src/stm32f4xx_it.c ****       }
 288:Src/stm32f4xx_it.c ****     }
 289:Src/stm32f4xx_it.c ****     else{
 290:Src/stm32f4xx_it.c ****       if(((temCnt - myUltrasonic.timCnt0) <= 20000)&& ((temCnt - myUltrasonic.timCnt0) >= 1800)){
 291:Src/stm32f4xx_it.c ****         myUltrasonic.timCnt1 = __HAL_TIM_GetCounter(&htim1);
 292:Src/stm32f4xx_it.c ****         myUltrasonic.distanceTemp = (myUltrasonic.timCnt1 - myUltrasonic.timCnt0)*0.17;
 293:Src/stm32f4xx_it.c ****         if(myUltrasonic.distanceTemp >= 2600){
 294:Src/stm32f4xx_it.c ****           myUltrasonic.distanceTemp = 2600;
 295:Src/stm32f4xx_it.c ****         }
 296:Src/stm32f4xx_it.c ****         else if(myUltrasonic.distanceTemp <= 100){
 297:Src/stm32f4xx_it.c ****           myUltrasonic.distanceTemp = 100;
 298:Src/stm32f4xx_it.c ****         }
 299:Src/stm32f4xx_it.c ****         myUltrasonic.distance = myUltrasonic.distanceTemp;
 300:Src/stm32f4xx_it.c ****         myUltrasonic.preDistance = myUltrasonic.distance;
 301:Src/stm32f4xx_it.c ****         HAL_GPIO_TogglePin(GPIOC,GPIO_PIN_14);
 302:Src/stm32f4xx_it.c ****         HAL_NVIC_DisableIRQ(EXTI15_10_IRQn);
 303:Src/stm32f4xx_it.c ****       }
 304:Src/stm32f4xx_it.c ****       else{
 305:Src/stm32f4xx_it.c ****         myUltrasonic.distance =  myUltrasonic.preDistance;
 306:Src/stm32f4xx_it.c ****       }
 307:Src/stm32f4xx_it.c ****     }
 308:Src/stm32f4xx_it.c ****   }
 309:Src/stm32f4xx_it.c **** }
 443              		.loc 1 309 0
 444 005c 10BD     		pop	{r4, pc}
 445              	.L49:
 446              	.LBB3:
 280:Src/stm32f4xx_it.c ****           myUltrasonic.distanceTemp = 100;
 447              		.loc 1 280 0
 448 005e 9FED2A7A 		vldr.32	s14, .L56+24
 449 0062 F4EEC77A 		vcmpe.f32	s15, s14
 450 0066 F1EE10FA 		vmrs	APSR_nzcv, FPSCR
 451 006a EBD8     		bhi	.L38
 281:Src/stm32f4xx_it.c ****         }
 452              		.loc 1 281 0
 453 006c 234B     		ldr	r3, .L56+12
ARM GAS  C:\Users\Cairne\AppData\Local\Temp\ccsZlQ8h.s 			page 14


 454 006e 83ED047A 		vstr.32	s14, [r3, #16]
 455 0072 E7E7     		b	.L38
 456              	.LVL17:
 457              	.L35:
 290:Src/stm32f4xx_it.c ****         myUltrasonic.timCnt1 = __HAL_TIM_GetCounter(&htim1);
 458              		.loc 1 290 0
 459 0074 1B1A     		subs	r3, r3, r0
 460              	.LVL18:
 461 0076 A3F5E163 		sub	r3, r3, #1800
 462 007a 44F21871 		movw	r1, #18200
 463 007e 8B42     		cmp	r3, r1
 464 0080 31D8     		bhi	.L40
 291:Src/stm32f4xx_it.c ****         myUltrasonic.distanceTemp = (myUltrasonic.timCnt1 - myUltrasonic.timCnt0)*0.17;
 465              		.loc 1 291 0
 466 0082 536A     		ldr	r3, [r2, #36]
 467 0084 1D4C     		ldr	r4, .L56+12
 468 0086 A360     		str	r3, [r4, #8]
 292:Src/stm32f4xx_it.c ****         if(myUltrasonic.distanceTemp >= 2600){
 469              		.loc 1 292 0
 470 0088 181A     		subs	r0, r3, r0
 471 008a FFF7FEFF 		bl	__aeabi_ui2d
 472              	.LVL19:
 473 008e 18A3     		adr	r3, .L56
 474 0090 D3E90023 		ldrd	r2, [r3]
 475 0094 FFF7FEFF 		bl	__aeabi_dmul
 476              	.LVL20:
 477 0098 FFF7FEFF 		bl	__aeabi_d2f
 478              	.LVL21:
 479 009c 07EE900A 		vmov	s15, r0
 480 00a0 2061     		str	r0, [r4, #16]	@ float
 293:Src/stm32f4xx_it.c ****           myUltrasonic.distanceTemp = 2600;
 481              		.loc 1 293 0
 482 00a2 9FED177A 		vldr.32	s14, .L56+16
 483 00a6 F4EEC77A 		vcmpe.f32	s15, s14
 484 00aa F1EE10FA 		vmrs	APSR_nzcv, FPSCR
 485 00ae 0FDB     		blt	.L50
 294:Src/stm32f4xx_it.c ****         }
 486              		.loc 1 294 0
 487 00b0 2346     		mov	r3, r4
 488 00b2 83ED047A 		vstr.32	s14, [r3, #16]
 489              	.L43:
 299:Src/stm32f4xx_it.c ****         myUltrasonic.preDistance = myUltrasonic.distance;
 490              		.loc 1 299 0
 491 00b6 114B     		ldr	r3, .L56+12
 492 00b8 1A69     		ldr	r2, [r3, #16]	@ float
 493 00ba DA60     		str	r2, [r3, #12]	@ float
 300:Src/stm32f4xx_it.c ****         HAL_GPIO_TogglePin(GPIOC,GPIO_PIN_14);
 494              		.loc 1 300 0
 495 00bc 5A61     		str	r2, [r3, #20]	@ float
 301:Src/stm32f4xx_it.c ****         HAL_NVIC_DisableIRQ(EXTI15_10_IRQn);
 496              		.loc 1 301 0
 497 00be 4FF48041 		mov	r1, #16384
 498 00c2 1048     		ldr	r0, .L56+20
 499 00c4 FFF7FEFF 		bl	HAL_GPIO_TogglePin
 500              	.LVL22:
 302:Src/stm32f4xx_it.c ****       }
 501              		.loc 1 302 0
ARM GAS  C:\Users\Cairne\AppData\Local\Temp\ccsZlQ8h.s 			page 15


 502 00c8 2820     		movs	r0, #40
 503 00ca FFF7FEFF 		bl	HAL_NVIC_DisableIRQ
 504              	.LVL23:
 505 00ce C5E7     		b	.L33
 506              	.L50:
 296:Src/stm32f4xx_it.c ****           myUltrasonic.distanceTemp = 100;
 507              		.loc 1 296 0
 508 00d0 9FED0D7A 		vldr.32	s14, .L56+24
 509 00d4 F4EEC77A 		vcmpe.f32	s15, s14
 510 00d8 F1EE10FA 		vmrs	APSR_nzcv, FPSCR
 511 00dc EBD8     		bhi	.L43
 297:Src/stm32f4xx_it.c ****         }
 512              		.loc 1 297 0
 513 00de 074B     		ldr	r3, .L56+12
 514 00e0 83ED047A 		vstr.32	s14, [r3, #16]
 515 00e4 E7E7     		b	.L43
 516              	.L40:
 305:Src/stm32f4xx_it.c ****       }
 517              		.loc 1 305 0
 518 00e6 054B     		ldr	r3, .L56+12
 519 00e8 5A69     		ldr	r2, [r3, #20]	@ float
 520 00ea DA60     		str	r2, [r3, #12]	@ float
 521              	.LBE3:
 522              		.loc 1 309 0
 523 00ec B6E7     		b	.L33
 524              	.L57:
 525 00ee 00BF     		.align	3
 526              	.L56:
 527 00f0 C3F5285C 		.word	1546188227
 528 00f4 8FC2C53F 		.word	1069925007
 529 00f8 00000000 		.word	htim1
 530 00fc 00000000 		.word	myUltrasonic
 531 0100 00802245 		.word	1159888896
 532 0104 00080240 		.word	1073874944
 533 0108 0000C842 		.word	1120403456
 534              		.cfi_endproc
 535              	.LFE142:
 537              		.global	delayCnt
 538              		.section	.bss.delayCnt,"aw",%nobits
 541              	delayCnt:
 542 0000 00       		.space	1
 543              		.text
 544              	.Letext0:
 545              		.file 2 "c:\\program files (x86)\\gnu tools arm embedded\\7 2018-q2-update\\arm-none-eabi\\include
 546              		.file 3 "c:\\program files (x86)\\gnu tools arm embedded\\7 2018-q2-update\\arm-none-eabi\\include
 547              		.file 4 "Drivers/CMSIS/Include/core_cm4.h"
 548              		.file 5 "Drivers/CMSIS/Device/ST/STM32F4xx/Include/system_stm32f4xx.h"
 549              		.file 6 "Drivers/CMSIS/Device/ST/STM32F4xx/Include/stm32f405xx.h"
 550              		.file 7 "Drivers/STM32F4xx_HAL_Driver/Inc/stm32f4xx_hal_def.h"
 551              		.file 8 "Drivers/STM32F4xx_HAL_Driver/Inc/stm32f4xx_hal_dma.h"
 552              		.file 9 "Drivers/STM32F4xx_HAL_Driver/Inc/stm32f4xx_hal_tim.h"
 553              		.file 10 "Inc/tim.h"
 554              		.file 11 "Inc/test.h"
 555              		.file 12 "Drivers/STM32F4xx_HAL_Driver/Inc/stm32f4xx_hal_gpio.h"
 556              		.file 13 "Drivers/STM32F4xx_HAL_Driver/Inc/stm32f4xx_hal_cortex.h"
 557              		.file 14 "Drivers/STM32F4xx_HAL_Driver/Inc/stm32f4xx_hal.h"
 558              		.file 15 "Drivers/STM32F4xx_HAL_Driver/Inc/stm32f4xx_hal_rcc.h"
ARM GAS  C:\Users\Cairne\AppData\Local\Temp\ccsZlQ8h.s 			page 16


ARM GAS  C:\Users\Cairne\AppData\Local\Temp\ccsZlQ8h.s 			page 17


DEFINED SYMBOLS
                            *ABS*:00000000 stm32f4xx_it.c
C:\Users\Cairne\AppData\Local\Temp\ccsZlQ8h.s:18     .text.NMI_Handler:00000000 $t
C:\Users\Cairne\AppData\Local\Temp\ccsZlQ8h.s:25     .text.NMI_Handler:00000000 NMI_Handler
C:\Users\Cairne\AppData\Local\Temp\ccsZlQ8h.s:46     .text.HardFault_Handler:00000000 $t
C:\Users\Cairne\AppData\Local\Temp\ccsZlQ8h.s:53     .text.HardFault_Handler:00000000 HardFault_Handler
C:\Users\Cairne\AppData\Local\Temp\ccsZlQ8h.s:67     .text.MemManage_Handler:00000000 $t
C:\Users\Cairne\AppData\Local\Temp\ccsZlQ8h.s:74     .text.MemManage_Handler:00000000 MemManage_Handler
C:\Users\Cairne\AppData\Local\Temp\ccsZlQ8h.s:88     .text.BusFault_Handler:00000000 $t
C:\Users\Cairne\AppData\Local\Temp\ccsZlQ8h.s:95     .text.BusFault_Handler:00000000 BusFault_Handler
C:\Users\Cairne\AppData\Local\Temp\ccsZlQ8h.s:109    .text.UsageFault_Handler:00000000 $t
C:\Users\Cairne\AppData\Local\Temp\ccsZlQ8h.s:116    .text.UsageFault_Handler:00000000 UsageFault_Handler
C:\Users\Cairne\AppData\Local\Temp\ccsZlQ8h.s:130    .text.SVC_Handler:00000000 $t
C:\Users\Cairne\AppData\Local\Temp\ccsZlQ8h.s:137    .text.SVC_Handler:00000000 SVC_Handler
C:\Users\Cairne\AppData\Local\Temp\ccsZlQ8h.s:150    .text.DebugMon_Handler:00000000 $t
C:\Users\Cairne\AppData\Local\Temp\ccsZlQ8h.s:157    .text.DebugMon_Handler:00000000 DebugMon_Handler
C:\Users\Cairne\AppData\Local\Temp\ccsZlQ8h.s:170    .text.PendSV_Handler:00000000 $t
C:\Users\Cairne\AppData\Local\Temp\ccsZlQ8h.s:177    .text.PendSV_Handler:00000000 PendSV_Handler
C:\Users\Cairne\AppData\Local\Temp\ccsZlQ8h.s:190    .text.SysTick_Handler:00000000 $t
C:\Users\Cairne\AppData\Local\Temp\ccsZlQ8h.s:197    .text.SysTick_Handler:00000000 SysTick_Handler
C:\Users\Cairne\AppData\Local\Temp\ccsZlQ8h.s:217    .text.EXTI15_10_IRQHandler:00000000 $t
C:\Users\Cairne\AppData\Local\Temp\ccsZlQ8h.s:224    .text.EXTI15_10_IRQHandler:00000000 EXTI15_10_IRQHandler
C:\Users\Cairne\AppData\Local\Temp\ccsZlQ8h.s:253    .text.EXTI15_10_IRQHandler:0000001c $d
C:\Users\Cairne\AppData\Local\Temp\ccsZlQ8h.s:259    .text.DMA2_Stream2_IRQHandler:00000000 $t
C:\Users\Cairne\AppData\Local\Temp\ccsZlQ8h.s:266    .text.DMA2_Stream2_IRQHandler:00000000 DMA2_Stream2_IRQHandler
C:\Users\Cairne\AppData\Local\Temp\ccsZlQ8h.s:292    .text.DMA2_Stream2_IRQHandler:00000014 $d
C:\Users\Cairne\AppData\Local\Temp\ccsZlQ8h.s:298    .text.HAL_TIM_PWM_PulseFinishedCallback:00000000 $t
C:\Users\Cairne\AppData\Local\Temp\ccsZlQ8h.s:305    .text.HAL_TIM_PWM_PulseFinishedCallback:00000000 HAL_TIM_PWM_PulseFinishedCallback
C:\Users\Cairne\AppData\Local\Temp\ccsZlQ8h.s:358    .text.HAL_TIM_PWM_PulseFinishedCallback:0000003c $d
C:\Users\Cairne\AppData\Local\Temp\ccsZlQ8h.s:368    .text.HAL_GPIO_EXTI_Callback:00000000 $t
C:\Users\Cairne\AppData\Local\Temp\ccsZlQ8h.s:375    .text.HAL_GPIO_EXTI_Callback:00000000 HAL_GPIO_EXTI_Callback
C:\Users\Cairne\AppData\Local\Temp\ccsZlQ8h.s:527    .text.HAL_GPIO_EXTI_Callback:000000f0 $d
C:\Users\Cairne\AppData\Local\Temp\ccsZlQ8h.s:541    .bss.delayCnt:00000000 delayCnt
C:\Users\Cairne\AppData\Local\Temp\ccsZlQ8h.s:542    .bss.delayCnt:00000000 $d

UNDEFINED SYMBOLS
HAL_RCC_NMI_IRQHandler
HAL_IncTick
HAL_GPIO_EXTI_IRQHandler
htim1
myUltrasonic
TIM_CCxChannelCmd
HAL_DMA_IRQHandler
hdma_tim1_ch2
HAL_GPIO_TogglePin
HAL_NVIC_ClearPendingIRQ
HAL_NVIC_EnableIRQ
__aeabi_ui2d
__aeabi_dmul
__aeabi_d2f
HAL_NVIC_DisableIRQ
