ARM GAS  C:\Users\Cairne\AppData\Local\Temp\ccfrOHMH.s 			page 1


   1              		.cpu cortex-m4
   2              		.eabi_attribute 27, 1
   3              		.eabi_attribute 28, 1
   4              		.eabi_attribute 20, 1
   5              		.eabi_attribute 21, 1
   6              		.eabi_attribute 23, 3
   7              		.eabi_attribute 24, 1
   8              		.eabi_attribute 25, 1
   9              		.eabi_attribute 26, 1
  10              		.eabi_attribute 30, 1
  11              		.eabi_attribute 34, 1
  12              		.eabi_attribute 18, 4
  13              		.file	"tim.c"
  14              		.text
  15              	.Ltext0:
  16              		.cfi_sections	.debug_frame
  17              		.section	.text.HAL_TIM_Base_MspInit,"ax",%progbits
  18              		.align	1
  19              		.global	HAL_TIM_Base_MspInit
  20              		.syntax unified
  21              		.thumb
  22              		.thumb_func
  23              		.fpu fpv4-sp-d16
  25              	HAL_TIM_Base_MspInit:
  26              	.LFB131:
  27              		.file 1 "Src/tim.c"
   1:Src/tim.c     **** /**
   2:Src/tim.c     ****   ******************************************************************************
   3:Src/tim.c     ****   * File Name          : TIM.c
   4:Src/tim.c     ****   * Description        : This file provides code for the configuration
   5:Src/tim.c     ****   *                      of the TIM instances.
   6:Src/tim.c     ****   ******************************************************************************
   7:Src/tim.c     ****   * @attention
   8:Src/tim.c     ****   *
   9:Src/tim.c     ****   * <h2><center>&copy; Copyright (c) 2019 STMicroelectronics.
  10:Src/tim.c     ****   * All rights reserved.</center></h2>
  11:Src/tim.c     ****   *
  12:Src/tim.c     ****   * This software component is licensed by ST under BSD 3-Clause license,
  13:Src/tim.c     ****   * the "License"; You may not use this file except in compliance with the
  14:Src/tim.c     ****   * License. You may obtain a copy of the License at:
  15:Src/tim.c     ****   *                        opensource.org/licenses/BSD-3-Clause
  16:Src/tim.c     ****   *
  17:Src/tim.c     ****   ******************************************************************************
  18:Src/tim.c     ****   */
  19:Src/tim.c     **** 
  20:Src/tim.c     **** /* Includes ------------------------------------------------------------------*/
  21:Src/tim.c     **** #include "tim.h"
  22:Src/tim.c     **** 
  23:Src/tim.c     **** /* USER CODE BEGIN 0 */
  24:Src/tim.c     **** 
  25:Src/tim.c     **** /* USER CODE END 0 */
  26:Src/tim.c     **** 
  27:Src/tim.c     **** TIM_HandleTypeDef htim1;
  28:Src/tim.c     **** DMA_HandleTypeDef hdma_tim1_ch2;
  29:Src/tim.c     **** 
  30:Src/tim.c     **** /* TIM1 init function */
  31:Src/tim.c     **** void MX_TIM1_Init(void)
ARM GAS  C:\Users\Cairne\AppData\Local\Temp\ccfrOHMH.s 			page 2


  32:Src/tim.c     **** {
  33:Src/tim.c     ****   TIM_ClockConfigTypeDef sClockSourceConfig = {0};
  34:Src/tim.c     ****   TIM_MasterConfigTypeDef sMasterConfig = {0};
  35:Src/tim.c     ****   TIM_OC_InitTypeDef sConfigOC = {0};
  36:Src/tim.c     ****   TIM_BreakDeadTimeConfigTypeDef sBreakDeadTimeConfig = {0};
  37:Src/tim.c     **** 
  38:Src/tim.c     ****   htim1.Instance = TIM1;
  39:Src/tim.c     ****   htim1.Init.Prescaler = 168;
  40:Src/tim.c     ****   htim1.Init.CounterMode = TIM_COUNTERMODE_UP;
  41:Src/tim.c     ****   htim1.Init.Period = 65535;
  42:Src/tim.c     ****   htim1.Init.ClockDivision = TIM_CLOCKDIVISION_DIV1;
  43:Src/tim.c     ****   htim1.Init.RepetitionCounter = 0;
  44:Src/tim.c     ****   htim1.Init.AutoReloadPreload = TIM_AUTORELOAD_PRELOAD_DISABLE;
  45:Src/tim.c     ****   if (HAL_TIM_Base_Init(&htim1) != HAL_OK)
  46:Src/tim.c     ****   {
  47:Src/tim.c     ****     Error_Handler();
  48:Src/tim.c     ****   }
  49:Src/tim.c     ****   sClockSourceConfig.ClockSource = TIM_CLOCKSOURCE_INTERNAL;
  50:Src/tim.c     ****   if (HAL_TIM_ConfigClockSource(&htim1, &sClockSourceConfig) != HAL_OK)
  51:Src/tim.c     ****   {
  52:Src/tim.c     ****     Error_Handler();
  53:Src/tim.c     ****   }
  54:Src/tim.c     ****   if (HAL_TIM_OC_Init(&htim1) != HAL_OK)
  55:Src/tim.c     ****   {
  56:Src/tim.c     ****     Error_Handler();
  57:Src/tim.c     ****   }
  58:Src/tim.c     ****   sMasterConfig.MasterOutputTrigger = TIM_TRGO_RESET;
  59:Src/tim.c     ****   sMasterConfig.MasterSlaveMode = TIM_MASTERSLAVEMODE_DISABLE;
  60:Src/tim.c     ****   if (HAL_TIMEx_MasterConfigSynchronization(&htim1, &sMasterConfig) != HAL_OK)
  61:Src/tim.c     ****   {
  62:Src/tim.c     ****     Error_Handler();
  63:Src/tim.c     ****   }
  64:Src/tim.c     ****   sConfigOC.OCMode = TIM_OCMODE_TOGGLE;
  65:Src/tim.c     ****   sConfigOC.Pulse = 0;
  66:Src/tim.c     ****   sConfigOC.OCPolarity = TIM_OCPOLARITY_LOW;
  67:Src/tim.c     ****   sConfigOC.OCNPolarity = TIM_OCNPOLARITY_HIGH;
  68:Src/tim.c     ****   sConfigOC.OCFastMode = TIM_OCFAST_DISABLE;
  69:Src/tim.c     ****   sConfigOC.OCIdleState = TIM_OCIDLESTATE_RESET;
  70:Src/tim.c     ****   sConfigOC.OCNIdleState = TIM_OCNIDLESTATE_RESET;
  71:Src/tim.c     ****   if (HAL_TIM_OC_ConfigChannel(&htim1, &sConfigOC, TIM_CHANNEL_2) != HAL_OK)
  72:Src/tim.c     ****   {
  73:Src/tim.c     ****     Error_Handler();
  74:Src/tim.c     ****   }
  75:Src/tim.c     ****   sBreakDeadTimeConfig.OffStateRunMode = TIM_OSSR_DISABLE;
  76:Src/tim.c     ****   sBreakDeadTimeConfig.OffStateIDLEMode = TIM_OSSI_DISABLE;
  77:Src/tim.c     ****   sBreakDeadTimeConfig.LockLevel = TIM_LOCKLEVEL_OFF;
  78:Src/tim.c     ****   sBreakDeadTimeConfig.DeadTime = 0;
  79:Src/tim.c     ****   sBreakDeadTimeConfig.BreakState = TIM_BREAK_DISABLE;
  80:Src/tim.c     ****   sBreakDeadTimeConfig.BreakPolarity = TIM_BREAKPOLARITY_HIGH;
  81:Src/tim.c     ****   sBreakDeadTimeConfig.AutomaticOutput = TIM_AUTOMATICOUTPUT_DISABLE;
  82:Src/tim.c     ****   if (HAL_TIMEx_ConfigBreakDeadTime(&htim1, &sBreakDeadTimeConfig) != HAL_OK)
  83:Src/tim.c     ****   {
  84:Src/tim.c     ****     Error_Handler();
  85:Src/tim.c     ****   }
  86:Src/tim.c     ****   HAL_TIM_MspPostInit(&htim1);
  87:Src/tim.c     **** 
  88:Src/tim.c     **** }
ARM GAS  C:\Users\Cairne\AppData\Local\Temp\ccfrOHMH.s 			page 3


  89:Src/tim.c     **** 
  90:Src/tim.c     **** void HAL_TIM_Base_MspInit(TIM_HandleTypeDef* tim_baseHandle)
  91:Src/tim.c     **** {
  28              		.loc 1 91 0
  29              		.cfi_startproc
  30              		@ args = 0, pretend = 0, frame = 8
  31              		@ frame_needed = 0, uses_anonymous_args = 0
  32              	.LVL0:
  92:Src/tim.c     **** 
  93:Src/tim.c     ****   if(tim_baseHandle->Instance==TIM1)
  33              		.loc 1 93 0
  34 0000 0268     		ldr	r2, [r0]
  35 0002 1A4B     		ldr	r3, .L10
  36 0004 9A42     		cmp	r2, r3
  37 0006 00D0     		beq	.L8
  38 0008 7047     		bx	lr
  39              	.L8:
  91:Src/tim.c     **** 
  40              		.loc 1 91 0
  41 000a 10B5     		push	{r4, lr}
  42              	.LCFI0:
  43              		.cfi_def_cfa_offset 8
  44              		.cfi_offset 4, -8
  45              		.cfi_offset 14, -4
  46 000c 82B0     		sub	sp, sp, #8
  47              	.LCFI1:
  48              		.cfi_def_cfa_offset 16
  49 000e 0446     		mov	r4, r0
  50              	.LBB2:
  94:Src/tim.c     ****   {
  95:Src/tim.c     ****   /* USER CODE BEGIN TIM1_MspInit 0 */
  96:Src/tim.c     **** 
  97:Src/tim.c     ****   /* USER CODE END TIM1_MspInit 0 */
  98:Src/tim.c     ****     /* TIM1 clock enable */
  99:Src/tim.c     ****     __HAL_RCC_TIM1_CLK_ENABLE();
  51              		.loc 1 99 0
  52 0010 0023     		movs	r3, #0
  53 0012 0193     		str	r3, [sp, #4]
  54 0014 164A     		ldr	r2, .L10+4
  55 0016 516C     		ldr	r1, [r2, #68]
  56 0018 41F00101 		orr	r1, r1, #1
  57 001c 5164     		str	r1, [r2, #68]
  58 001e 526C     		ldr	r2, [r2, #68]
  59 0020 02F00102 		and	r2, r2, #1
  60 0024 0192     		str	r2, [sp, #4]
  61 0026 019A     		ldr	r2, [sp, #4]
  62              	.LBE2:
 100:Src/tim.c     ****   
 101:Src/tim.c     ****     /* TIM1 DMA Init */
 102:Src/tim.c     ****     /* TIM1_CH2 Init */
 103:Src/tim.c     ****     hdma_tim1_ch2.Instance = DMA2_Stream2;
  63              		.loc 1 103 0
  64 0028 1248     		ldr	r0, .L10+8
  65              	.LVL1:
  66 002a 134A     		ldr	r2, .L10+12
  67 002c 0260     		str	r2, [r0]
 104:Src/tim.c     ****     hdma_tim1_ch2.Init.Channel = DMA_CHANNEL_6;
ARM GAS  C:\Users\Cairne\AppData\Local\Temp\ccfrOHMH.s 			page 4


  68              		.loc 1 104 0
  69 002e 4FF04062 		mov	r2, #201326592
  70 0032 4260     		str	r2, [r0, #4]
 105:Src/tim.c     ****     hdma_tim1_ch2.Init.Direction = DMA_MEMORY_TO_PERIPH;
  71              		.loc 1 105 0
  72 0034 4022     		movs	r2, #64
  73 0036 8260     		str	r2, [r0, #8]
 106:Src/tim.c     ****     hdma_tim1_ch2.Init.PeriphInc = DMA_PINC_DISABLE;
  74              		.loc 1 106 0
  75 0038 C360     		str	r3, [r0, #12]
 107:Src/tim.c     ****     hdma_tim1_ch2.Init.MemInc = DMA_MINC_ENABLE;
  76              		.loc 1 107 0
  77 003a 4FF48062 		mov	r2, #1024
  78 003e 0261     		str	r2, [r0, #16]
 108:Src/tim.c     ****     hdma_tim1_ch2.Init.PeriphDataAlignment = DMA_PDATAALIGN_HALFWORD;
  79              		.loc 1 108 0
  80 0040 4FF40062 		mov	r2, #2048
  81 0044 4261     		str	r2, [r0, #20]
 109:Src/tim.c     ****     hdma_tim1_ch2.Init.MemDataAlignment = DMA_MDATAALIGN_HALFWORD;
  82              		.loc 1 109 0
  83 0046 4FF40052 		mov	r2, #8192
  84 004a 8261     		str	r2, [r0, #24]
 110:Src/tim.c     ****     hdma_tim1_ch2.Init.Mode = DMA_NORMAL;
  85              		.loc 1 110 0
  86 004c C361     		str	r3, [r0, #28]
 111:Src/tim.c     ****     hdma_tim1_ch2.Init.Priority = DMA_PRIORITY_MEDIUM;
  87              		.loc 1 111 0
  88 004e 4FF48032 		mov	r2, #65536
  89 0052 0262     		str	r2, [r0, #32]
 112:Src/tim.c     ****     hdma_tim1_ch2.Init.FIFOMode = DMA_FIFOMODE_DISABLE;
  90              		.loc 1 112 0
  91 0054 4362     		str	r3, [r0, #36]
 113:Src/tim.c     ****     if (HAL_DMA_Init(&hdma_tim1_ch2) != HAL_OK)
  92              		.loc 1 113 0
  93 0056 FFF7FEFF 		bl	HAL_DMA_Init
  94              	.LVL2:
  95 005a 20B9     		cbnz	r0, .L9
  96              	.L3:
 114:Src/tim.c     ****     {
 115:Src/tim.c     ****       Error_Handler();
 116:Src/tim.c     ****     }
 117:Src/tim.c     **** 
 118:Src/tim.c     ****     __HAL_LINKDMA(tim_baseHandle,hdma[TIM_DMA_ID_CC2],hdma_tim1_ch2);
  97              		.loc 1 118 0
  98 005c 054B     		ldr	r3, .L10+8
  99 005e A362     		str	r3, [r4, #40]
 100 0060 9C63     		str	r4, [r3, #56]
 119:Src/tim.c     **** 
 120:Src/tim.c     ****   /* USER CODE BEGIN TIM1_MspInit 1 */
 121:Src/tim.c     **** 
 122:Src/tim.c     ****   /* USER CODE END TIM1_MspInit 1 */
 123:Src/tim.c     ****   }
 124:Src/tim.c     **** }
 101              		.loc 1 124 0
 102 0062 02B0     		add	sp, sp, #8
 103              	.LCFI2:
 104              		.cfi_remember_state
ARM GAS  C:\Users\Cairne\AppData\Local\Temp\ccfrOHMH.s 			page 5


 105              		.cfi_def_cfa_offset 8
 106              		@ sp needed
 107 0064 10BD     		pop	{r4, pc}
 108              	.LVL3:
 109              	.L9:
 110              	.LCFI3:
 111              		.cfi_restore_state
 115:Src/tim.c     ****     }
 112              		.loc 1 115 0
 113 0066 FFF7FEFF 		bl	Error_Handler
 114              	.LVL4:
 115 006a F7E7     		b	.L3
 116              	.L11:
 117              		.align	2
 118              	.L10:
 119 006c 00000140 		.word	1073807360
 120 0070 00380240 		.word	1073887232
 121 0074 00000000 		.word	hdma_tim1_ch2
 122 0078 40640240 		.word	1073898560
 123              		.cfi_endproc
 124              	.LFE131:
 126              		.section	.text.HAL_TIM_MspPostInit,"ax",%progbits
 127              		.align	1
 128              		.global	HAL_TIM_MspPostInit
 129              		.syntax unified
 130              		.thumb
 131              		.thumb_func
 132              		.fpu fpv4-sp-d16
 134              	HAL_TIM_MspPostInit:
 135              	.LFB132:
 125:Src/tim.c     **** void HAL_TIM_MspPostInit(TIM_HandleTypeDef* timHandle)
 126:Src/tim.c     **** {
 136              		.loc 1 126 0
 137              		.cfi_startproc
 138              		@ args = 0, pretend = 0, frame = 24
 139              		@ frame_needed = 0, uses_anonymous_args = 0
 140              	.LVL5:
 141 0000 00B5     		push	{lr}
 142              	.LCFI4:
 143              		.cfi_def_cfa_offset 4
 144              		.cfi_offset 14, -4
 145 0002 87B0     		sub	sp, sp, #28
 146              	.LCFI5:
 147              		.cfi_def_cfa_offset 32
 127:Src/tim.c     **** 
 128:Src/tim.c     ****   GPIO_InitTypeDef GPIO_InitStruct = {0};
 148              		.loc 1 128 0
 149 0004 0023     		movs	r3, #0
 150 0006 0193     		str	r3, [sp, #4]
 151 0008 0293     		str	r3, [sp, #8]
 152 000a 0393     		str	r3, [sp, #12]
 153 000c 0493     		str	r3, [sp, #16]
 154 000e 0593     		str	r3, [sp, #20]
 129:Src/tim.c     ****   if(timHandle->Instance==TIM1)
 155              		.loc 1 129 0
 156 0010 0268     		ldr	r2, [r0]
 157 0012 114B     		ldr	r3, .L16
ARM GAS  C:\Users\Cairne\AppData\Local\Temp\ccfrOHMH.s 			page 6


 158 0014 9A42     		cmp	r2, r3
 159 0016 02D0     		beq	.L15
 160              	.LVL6:
 161              	.L12:
 130:Src/tim.c     ****   {
 131:Src/tim.c     ****   /* USER CODE BEGIN TIM1_MspPostInit 0 */
 132:Src/tim.c     **** 
 133:Src/tim.c     ****   /* USER CODE END TIM1_MspPostInit 0 */
 134:Src/tim.c     ****   
 135:Src/tim.c     ****     __HAL_RCC_GPIOA_CLK_ENABLE();
 136:Src/tim.c     ****     /**TIM1 GPIO Configuration    
 137:Src/tim.c     ****     PA9     ------> TIM1_CH2 
 138:Src/tim.c     ****     */
 139:Src/tim.c     ****     GPIO_InitStruct.Pin = GPIO_PIN_9;
 140:Src/tim.c     ****     GPIO_InitStruct.Mode = GPIO_MODE_AF_PP;
 141:Src/tim.c     ****     GPIO_InitStruct.Pull = GPIO_NOPULL;
 142:Src/tim.c     ****     GPIO_InitStruct.Speed = GPIO_SPEED_FREQ_LOW;
 143:Src/tim.c     ****     GPIO_InitStruct.Alternate = GPIO_AF1_TIM1;
 144:Src/tim.c     ****     HAL_GPIO_Init(GPIOA, &GPIO_InitStruct);
 145:Src/tim.c     **** 
 146:Src/tim.c     ****   /* USER CODE BEGIN TIM1_MspPostInit 1 */
 147:Src/tim.c     ****     HAL_TIM_OC_Stop_DMA(&htim1,TIM_CHANNEL_2);
 148:Src/tim.c     ****   /* USER CODE END TIM1_MspPostInit 1 */
 149:Src/tim.c     ****   }
 150:Src/tim.c     **** 
 151:Src/tim.c     **** }
 162              		.loc 1 151 0
 163 0018 07B0     		add	sp, sp, #28
 164              	.LCFI6:
 165              		.cfi_remember_state
 166              		.cfi_def_cfa_offset 4
 167              		@ sp needed
 168 001a 5DF804FB 		ldr	pc, [sp], #4
 169              	.LVL7:
 170              	.L15:
 171              	.LCFI7:
 172              		.cfi_restore_state
 173              	.LBB3:
 135:Src/tim.c     ****     /**TIM1 GPIO Configuration    
 174              		.loc 1 135 0
 175 001e 0023     		movs	r3, #0
 176 0020 0093     		str	r3, [sp]
 177 0022 0E4B     		ldr	r3, .L16+4
 178 0024 1A6B     		ldr	r2, [r3, #48]
 179 0026 42F00102 		orr	r2, r2, #1
 180 002a 1A63     		str	r2, [r3, #48]
 181 002c 1B6B     		ldr	r3, [r3, #48]
 182 002e 03F00103 		and	r3, r3, #1
 183 0032 0093     		str	r3, [sp]
 184 0034 009B     		ldr	r3, [sp]
 185              	.LBE3:
 139:Src/tim.c     ****     GPIO_InitStruct.Mode = GPIO_MODE_AF_PP;
 186              		.loc 1 139 0
 187 0036 4FF40073 		mov	r3, #512
 188 003a 0193     		str	r3, [sp, #4]
 140:Src/tim.c     ****     GPIO_InitStruct.Pull = GPIO_NOPULL;
 189              		.loc 1 140 0
ARM GAS  C:\Users\Cairne\AppData\Local\Temp\ccfrOHMH.s 			page 7


 190 003c 0223     		movs	r3, #2
 191 003e 0293     		str	r3, [sp, #8]
 143:Src/tim.c     ****     HAL_GPIO_Init(GPIOA, &GPIO_InitStruct);
 192              		.loc 1 143 0
 193 0040 0123     		movs	r3, #1
 194 0042 0593     		str	r3, [sp, #20]
 144:Src/tim.c     **** 
 195              		.loc 1 144 0
 196 0044 01A9     		add	r1, sp, #4
 197 0046 0648     		ldr	r0, .L16+8
 198              	.LVL8:
 199 0048 FFF7FEFF 		bl	HAL_GPIO_Init
 200              	.LVL9:
 147:Src/tim.c     ****   /* USER CODE END TIM1_MspPostInit 1 */
 201              		.loc 1 147 0
 202 004c 0421     		movs	r1, #4
 203 004e 0548     		ldr	r0, .L16+12
 204 0050 FFF7FEFF 		bl	HAL_TIM_OC_Stop_DMA
 205              	.LVL10:
 206              		.loc 1 151 0
 207 0054 E0E7     		b	.L12
 208              	.L17:
 209 0056 00BF     		.align	2
 210              	.L16:
 211 0058 00000140 		.word	1073807360
 212 005c 00380240 		.word	1073887232
 213 0060 00000240 		.word	1073872896
 214 0064 00000000 		.word	htim1
 215              		.cfi_endproc
 216              	.LFE132:
 218              		.section	.text.MX_TIM1_Init,"ax",%progbits
 219              		.align	1
 220              		.global	MX_TIM1_Init
 221              		.syntax unified
 222              		.thumb
 223              		.thumb_func
 224              		.fpu fpv4-sp-d16
 226              	MX_TIM1_Init:
 227              	.LFB130:
  32:Src/tim.c     ****   TIM_ClockConfigTypeDef sClockSourceConfig = {0};
 228              		.loc 1 32 0
 229              		.cfi_startproc
 230              		@ args = 0, pretend = 0, frame = 88
 231              		@ frame_needed = 0, uses_anonymous_args = 0
 232 0000 10B5     		push	{r4, lr}
 233              	.LCFI8:
 234              		.cfi_def_cfa_offset 8
 235              		.cfi_offset 4, -8
 236              		.cfi_offset 14, -4
 237 0002 96B0     		sub	sp, sp, #88
 238              	.LCFI9:
 239              		.cfi_def_cfa_offset 96
  33:Src/tim.c     ****   TIM_MasterConfigTypeDef sMasterConfig = {0};
 240              		.loc 1 33 0
 241 0004 0024     		movs	r4, #0
 242 0006 1294     		str	r4, [sp, #72]
 243 0008 1394     		str	r4, [sp, #76]
ARM GAS  C:\Users\Cairne\AppData\Local\Temp\ccfrOHMH.s 			page 8


 244 000a 1494     		str	r4, [sp, #80]
 245 000c 1594     		str	r4, [sp, #84]
  34:Src/tim.c     ****   TIM_OC_InitTypeDef sConfigOC = {0};
 246              		.loc 1 34 0
 247 000e 1094     		str	r4, [sp, #64]
 248 0010 1194     		str	r4, [sp, #68]
  35:Src/tim.c     ****   TIM_BreakDeadTimeConfigTypeDef sBreakDeadTimeConfig = {0};
 249              		.loc 1 35 0
 250 0012 0994     		str	r4, [sp, #36]
 251 0014 0A94     		str	r4, [sp, #40]
 252 0016 0B94     		str	r4, [sp, #44]
 253 0018 0C94     		str	r4, [sp, #48]
 254 001a 0D94     		str	r4, [sp, #52]
 255 001c 0E94     		str	r4, [sp, #56]
 256 001e 0F94     		str	r4, [sp, #60]
  36:Src/tim.c     **** 
 257              		.loc 1 36 0
 258 0020 2022     		movs	r2, #32
 259 0022 2146     		mov	r1, r4
 260 0024 01A8     		add	r0, sp, #4
 261 0026 FFF7FEFF 		bl	memset
 262              	.LVL11:
  38:Src/tim.c     ****   htim1.Init.Prescaler = 168;
 263              		.loc 1 38 0
 264 002a 2F48     		ldr	r0, .L32
 265 002c 2F4B     		ldr	r3, .L32+4
 266 002e 0360     		str	r3, [r0]
  39:Src/tim.c     ****   htim1.Init.CounterMode = TIM_COUNTERMODE_UP;
 267              		.loc 1 39 0
 268 0030 A823     		movs	r3, #168
 269 0032 4360     		str	r3, [r0, #4]
  40:Src/tim.c     ****   htim1.Init.Period = 65535;
 270              		.loc 1 40 0
 271 0034 8460     		str	r4, [r0, #8]
  41:Src/tim.c     ****   htim1.Init.ClockDivision = TIM_CLOCKDIVISION_DIV1;
 272              		.loc 1 41 0
 273 0036 4FF6FF73 		movw	r3, #65535
 274 003a C360     		str	r3, [r0, #12]
  42:Src/tim.c     ****   htim1.Init.RepetitionCounter = 0;
 275              		.loc 1 42 0
 276 003c 0461     		str	r4, [r0, #16]
  43:Src/tim.c     ****   htim1.Init.AutoReloadPreload = TIM_AUTORELOAD_PRELOAD_DISABLE;
 277              		.loc 1 43 0
 278 003e 4461     		str	r4, [r0, #20]
  44:Src/tim.c     ****   if (HAL_TIM_Base_Init(&htim1) != HAL_OK)
 279              		.loc 1 44 0
 280 0040 8461     		str	r4, [r0, #24]
  45:Src/tim.c     ****   {
 281              		.loc 1 45 0
 282 0042 FFF7FEFF 		bl	HAL_TIM_Base_Init
 283              	.LVL12:
 284 0046 0028     		cmp	r0, #0
 285 0048 3BD1     		bne	.L26
 286              	.L19:
  49:Src/tim.c     ****   if (HAL_TIM_ConfigClockSource(&htim1, &sClockSourceConfig) != HAL_OK)
 287              		.loc 1 49 0
 288 004a 16A9     		add	r1, sp, #88
ARM GAS  C:\Users\Cairne\AppData\Local\Temp\ccfrOHMH.s 			page 9


 289 004c 4FF48053 		mov	r3, #4096
 290 0050 41F8103D 		str	r3, [r1, #-16]!
  50:Src/tim.c     ****   {
 291              		.loc 1 50 0
 292 0054 2448     		ldr	r0, .L32
 293 0056 FFF7FEFF 		bl	HAL_TIM_ConfigClockSource
 294              	.LVL13:
 295 005a 0028     		cmp	r0, #0
 296 005c 34D1     		bne	.L27
 297              	.L20:
  54:Src/tim.c     ****   {
 298              		.loc 1 54 0
 299 005e 2248     		ldr	r0, .L32
 300 0060 FFF7FEFF 		bl	HAL_TIM_OC_Init
 301              	.LVL14:
 302 0064 0028     		cmp	r0, #0
 303 0066 32D1     		bne	.L28
 304              	.L21:
  58:Src/tim.c     ****   sMasterConfig.MasterSlaveMode = TIM_MASTERSLAVEMODE_DISABLE;
 305              		.loc 1 58 0
 306 0068 0023     		movs	r3, #0
 307 006a 1093     		str	r3, [sp, #64]
  59:Src/tim.c     ****   if (HAL_TIMEx_MasterConfigSynchronization(&htim1, &sMasterConfig) != HAL_OK)
 308              		.loc 1 59 0
 309 006c 1193     		str	r3, [sp, #68]
  60:Src/tim.c     ****   {
 310              		.loc 1 60 0
 311 006e 10A9     		add	r1, sp, #64
 312 0070 1D48     		ldr	r0, .L32
 313 0072 FFF7FEFF 		bl	HAL_TIMEx_MasterConfigSynchronization
 314              	.LVL15:
 315 0076 0028     		cmp	r0, #0
 316 0078 2CD1     		bne	.L29
 317              	.L22:
  64:Src/tim.c     ****   sConfigOC.Pulse = 0;
 318              		.loc 1 64 0
 319 007a 3023     		movs	r3, #48
 320 007c 0993     		str	r3, [sp, #36]
  65:Src/tim.c     ****   sConfigOC.OCPolarity = TIM_OCPOLARITY_LOW;
 321              		.loc 1 65 0
 322 007e 0023     		movs	r3, #0
 323 0080 0A93     		str	r3, [sp, #40]
  66:Src/tim.c     ****   sConfigOC.OCNPolarity = TIM_OCNPOLARITY_HIGH;
 324              		.loc 1 66 0
 325 0082 0222     		movs	r2, #2
 326 0084 0B92     		str	r2, [sp, #44]
  67:Src/tim.c     ****   sConfigOC.OCFastMode = TIM_OCFAST_DISABLE;
 327              		.loc 1 67 0
 328 0086 0C93     		str	r3, [sp, #48]
  68:Src/tim.c     ****   sConfigOC.OCIdleState = TIM_OCIDLESTATE_RESET;
 329              		.loc 1 68 0
 330 0088 0D93     		str	r3, [sp, #52]
  69:Src/tim.c     ****   sConfigOC.OCNIdleState = TIM_OCNIDLESTATE_RESET;
 331              		.loc 1 69 0
 332 008a 0E93     		str	r3, [sp, #56]
  70:Src/tim.c     ****   if (HAL_TIM_OC_ConfigChannel(&htim1, &sConfigOC, TIM_CHANNEL_2) != HAL_OK)
 333              		.loc 1 70 0
ARM GAS  C:\Users\Cairne\AppData\Local\Temp\ccfrOHMH.s 			page 10


 334 008c 0F93     		str	r3, [sp, #60]
  71:Src/tim.c     ****   {
 335              		.loc 1 71 0
 336 008e 0422     		movs	r2, #4
 337 0090 09A9     		add	r1, sp, #36
 338 0092 1548     		ldr	r0, .L32
 339 0094 FFF7FEFF 		bl	HAL_TIM_OC_ConfigChannel
 340              	.LVL16:
 341 0098 F8B9     		cbnz	r0, .L30
 342              	.L23:
  75:Src/tim.c     ****   sBreakDeadTimeConfig.OffStateIDLEMode = TIM_OSSI_DISABLE;
 343              		.loc 1 75 0
 344 009a 0023     		movs	r3, #0
 345 009c 0193     		str	r3, [sp, #4]
  76:Src/tim.c     ****   sBreakDeadTimeConfig.LockLevel = TIM_LOCKLEVEL_OFF;
 346              		.loc 1 76 0
 347 009e 0293     		str	r3, [sp, #8]
  77:Src/tim.c     ****   sBreakDeadTimeConfig.DeadTime = 0;
 348              		.loc 1 77 0
 349 00a0 0393     		str	r3, [sp, #12]
  78:Src/tim.c     ****   sBreakDeadTimeConfig.BreakState = TIM_BREAK_DISABLE;
 350              		.loc 1 78 0
 351 00a2 0493     		str	r3, [sp, #16]
  79:Src/tim.c     ****   sBreakDeadTimeConfig.BreakPolarity = TIM_BREAKPOLARITY_HIGH;
 352              		.loc 1 79 0
 353 00a4 0593     		str	r3, [sp, #20]
  80:Src/tim.c     ****   sBreakDeadTimeConfig.AutomaticOutput = TIM_AUTOMATICOUTPUT_DISABLE;
 354              		.loc 1 80 0
 355 00a6 4FF40052 		mov	r2, #8192
 356 00aa 0692     		str	r2, [sp, #24]
  81:Src/tim.c     ****   if (HAL_TIMEx_ConfigBreakDeadTime(&htim1, &sBreakDeadTimeConfig) != HAL_OK)
 357              		.loc 1 81 0
 358 00ac 0893     		str	r3, [sp, #32]
  82:Src/tim.c     ****   {
 359              		.loc 1 82 0
 360 00ae 01A9     		add	r1, sp, #4
 361 00b0 0D48     		ldr	r0, .L32
 362 00b2 FFF7FEFF 		bl	HAL_TIMEx_ConfigBreakDeadTime
 363              	.LVL17:
 364 00b6 98B9     		cbnz	r0, .L31
 365              	.L24:
  86:Src/tim.c     **** 
 366              		.loc 1 86 0
 367 00b8 0B48     		ldr	r0, .L32
 368 00ba FFF7FEFF 		bl	HAL_TIM_MspPostInit
 369              	.LVL18:
  88:Src/tim.c     **** 
 370              		.loc 1 88 0
 371 00be 16B0     		add	sp, sp, #88
 372              	.LCFI10:
 373              		.cfi_remember_state
 374              		.cfi_def_cfa_offset 8
 375              		@ sp needed
 376 00c0 10BD     		pop	{r4, pc}
 377              	.L26:
 378              	.LCFI11:
 379              		.cfi_restore_state
ARM GAS  C:\Users\Cairne\AppData\Local\Temp\ccfrOHMH.s 			page 11


  47:Src/tim.c     ****   }
 380              		.loc 1 47 0
 381 00c2 FFF7FEFF 		bl	Error_Handler
 382              	.LVL19:
 383 00c6 C0E7     		b	.L19
 384              	.L27:
  52:Src/tim.c     ****   }
 385              		.loc 1 52 0
 386 00c8 FFF7FEFF 		bl	Error_Handler
 387              	.LVL20:
 388 00cc C7E7     		b	.L20
 389              	.L28:
  56:Src/tim.c     ****   }
 390              		.loc 1 56 0
 391 00ce FFF7FEFF 		bl	Error_Handler
 392              	.LVL21:
 393 00d2 C9E7     		b	.L21
 394              	.L29:
  62:Src/tim.c     ****   }
 395              		.loc 1 62 0
 396 00d4 FFF7FEFF 		bl	Error_Handler
 397              	.LVL22:
 398 00d8 CFE7     		b	.L22
 399              	.L30:
  73:Src/tim.c     ****   }
 400              		.loc 1 73 0
 401 00da FFF7FEFF 		bl	Error_Handler
 402              	.LVL23:
 403 00de DCE7     		b	.L23
 404              	.L31:
  84:Src/tim.c     ****   }
 405              		.loc 1 84 0
 406 00e0 FFF7FEFF 		bl	Error_Handler
 407              	.LVL24:
 408 00e4 E8E7     		b	.L24
 409              	.L33:
 410 00e6 00BF     		.align	2
 411              	.L32:
 412 00e8 00000000 		.word	htim1
 413 00ec 00000140 		.word	1073807360
 414              		.cfi_endproc
 415              	.LFE130:
 417              		.section	.text.HAL_TIM_Base_MspDeInit,"ax",%progbits
 418              		.align	1
 419              		.global	HAL_TIM_Base_MspDeInit
 420              		.syntax unified
 421              		.thumb
 422              		.thumb_func
 423              		.fpu fpv4-sp-d16
 425              	HAL_TIM_Base_MspDeInit:
 426              	.LFB133:
 152:Src/tim.c     **** 
 153:Src/tim.c     **** void HAL_TIM_Base_MspDeInit(TIM_HandleTypeDef* tim_baseHandle)
 154:Src/tim.c     **** {
 427              		.loc 1 154 0
 428              		.cfi_startproc
 429              		@ args = 0, pretend = 0, frame = 0
ARM GAS  C:\Users\Cairne\AppData\Local\Temp\ccfrOHMH.s 			page 12


 430              		@ frame_needed = 0, uses_anonymous_args = 0
 431              	.LVL25:
 432 0000 08B5     		push	{r3, lr}
 433              	.LCFI12:
 434              		.cfi_def_cfa_offset 8
 435              		.cfi_offset 3, -8
 436              		.cfi_offset 14, -4
 155:Src/tim.c     **** 
 156:Src/tim.c     ****   if(tim_baseHandle->Instance==TIM1)
 437              		.loc 1 156 0
 438 0002 0268     		ldr	r2, [r0]
 439 0004 064B     		ldr	r3, .L38
 440 0006 9A42     		cmp	r2, r3
 441 0008 00D0     		beq	.L37
 442              	.LVL26:
 443              	.L34:
 157:Src/tim.c     ****   {
 158:Src/tim.c     ****   /* USER CODE BEGIN TIM1_MspDeInit 0 */
 159:Src/tim.c     **** 
 160:Src/tim.c     ****   /* USER CODE END TIM1_MspDeInit 0 */
 161:Src/tim.c     ****     /* Peripheral clock disable */
 162:Src/tim.c     ****     __HAL_RCC_TIM1_CLK_DISABLE();
 163:Src/tim.c     **** 
 164:Src/tim.c     ****     /* TIM1 DMA DeInit */
 165:Src/tim.c     ****     HAL_DMA_DeInit(tim_baseHandle->hdma[TIM_DMA_ID_CC2]);
 166:Src/tim.c     ****   /* USER CODE BEGIN TIM1_MspDeInit 1 */
 167:Src/tim.c     **** 
 168:Src/tim.c     ****   /* USER CODE END TIM1_MspDeInit 1 */
 169:Src/tim.c     ****   }
 170:Src/tim.c     **** } 
 444              		.loc 1 170 0
 445 000a 08BD     		pop	{r3, pc}
 446              	.LVL27:
 447              	.L37:
 162:Src/tim.c     **** 
 448              		.loc 1 162 0
 449 000c 054A     		ldr	r2, .L38+4
 450 000e 536C     		ldr	r3, [r2, #68]
 451 0010 23F00103 		bic	r3, r3, #1
 452 0014 5364     		str	r3, [r2, #68]
 165:Src/tim.c     ****   /* USER CODE BEGIN TIM1_MspDeInit 1 */
 453              		.loc 1 165 0
 454 0016 806A     		ldr	r0, [r0, #40]
 455              	.LVL28:
 456 0018 FFF7FEFF 		bl	HAL_DMA_DeInit
 457              	.LVL29:
 458              		.loc 1 170 0
 459 001c F5E7     		b	.L34
 460              	.L39:
 461 001e 00BF     		.align	2
 462              	.L38:
 463 0020 00000140 		.word	1073807360
 464 0024 00380240 		.word	1073887232
 465              		.cfi_endproc
 466              	.LFE133:
 468              		.comm	hdma_tim1_ch2,96,4
 469              		.comm	htim1,64,4
ARM GAS  C:\Users\Cairne\AppData\Local\Temp\ccfrOHMH.s 			page 13


 470              		.text
 471              	.Letext0:
 472              		.file 2 "c:\\program files (x86)\\gnu tools arm embedded\\7 2018-q2-update\\arm-none-eabi\\include
 473              		.file 3 "c:\\program files (x86)\\gnu tools arm embedded\\7 2018-q2-update\\arm-none-eabi\\include
 474              		.file 4 "Drivers/CMSIS/Include/core_cm4.h"
 475              		.file 5 "Drivers/CMSIS/Device/ST/STM32F4xx/Include/system_stm32f4xx.h"
 476              		.file 6 "Drivers/CMSIS/Device/ST/STM32F4xx/Include/stm32f405xx.h"
 477              		.file 7 "Drivers/STM32F4xx_HAL_Driver/Inc/stm32f4xx_hal_def.h"
 478              		.file 8 "Drivers/STM32F4xx_HAL_Driver/Inc/stm32f4xx_hal_gpio.h"
 479              		.file 9 "Drivers/STM32F4xx_HAL_Driver/Inc/stm32f4xx_hal_dma.h"
 480              		.file 10 "Drivers/STM32F4xx_HAL_Driver/Inc/stm32f4xx_hal_tim.h"
 481              		.file 11 "Inc/tim.h"
 482              		.file 12 "Inc/main.h"
 483              		.file 13 "Drivers/STM32F4xx_HAL_Driver/Inc/stm32f4xx_hal_tim_ex.h"
 484              		.file 14 "<built-in>"
ARM GAS  C:\Users\Cairne\AppData\Local\Temp\ccfrOHMH.s 			page 14


DEFINED SYMBOLS
                            *ABS*:00000000 tim.c
C:\Users\Cairne\AppData\Local\Temp\ccfrOHMH.s:18     .text.HAL_TIM_Base_MspInit:00000000 $t
C:\Users\Cairne\AppData\Local\Temp\ccfrOHMH.s:25     .text.HAL_TIM_Base_MspInit:00000000 HAL_TIM_Base_MspInit
C:\Users\Cairne\AppData\Local\Temp\ccfrOHMH.s:119    .text.HAL_TIM_Base_MspInit:0000006c $d
                            *COM*:00000060 hdma_tim1_ch2
C:\Users\Cairne\AppData\Local\Temp\ccfrOHMH.s:127    .text.HAL_TIM_MspPostInit:00000000 $t
C:\Users\Cairne\AppData\Local\Temp\ccfrOHMH.s:134    .text.HAL_TIM_MspPostInit:00000000 HAL_TIM_MspPostInit
C:\Users\Cairne\AppData\Local\Temp\ccfrOHMH.s:211    .text.HAL_TIM_MspPostInit:00000058 $d
                            *COM*:00000040 htim1
C:\Users\Cairne\AppData\Local\Temp\ccfrOHMH.s:219    .text.MX_TIM1_Init:00000000 $t
C:\Users\Cairne\AppData\Local\Temp\ccfrOHMH.s:226    .text.MX_TIM1_Init:00000000 MX_TIM1_Init
C:\Users\Cairne\AppData\Local\Temp\ccfrOHMH.s:412    .text.MX_TIM1_Init:000000e8 $d
C:\Users\Cairne\AppData\Local\Temp\ccfrOHMH.s:418    .text.HAL_TIM_Base_MspDeInit:00000000 $t
C:\Users\Cairne\AppData\Local\Temp\ccfrOHMH.s:425    .text.HAL_TIM_Base_MspDeInit:00000000 HAL_TIM_Base_MspDeInit
C:\Users\Cairne\AppData\Local\Temp\ccfrOHMH.s:463    .text.HAL_TIM_Base_MspDeInit:00000020 $d

UNDEFINED SYMBOLS
HAL_DMA_Init
Error_Handler
HAL_GPIO_Init
HAL_TIM_OC_Stop_DMA
memset
HAL_TIM_Base_Init
HAL_TIM_ConfigClockSource
HAL_TIM_OC_Init
HAL_TIMEx_MasterConfigSynchronization
HAL_TIM_OC_ConfigChannel
HAL_TIMEx_ConfigBreakDeadTime
HAL_DMA_DeInit
