ARM GAS  C:\Users\Cairne\AppData\Local\Temp\ccExi00j.s 			page 1


   1              		.cpu cortex-m4
   2              		.eabi_attribute 27, 1
   3              		.eabi_attribute 28, 1
   4              		.eabi_attribute 20, 1
   5              		.eabi_attribute 21, 1
   6              		.eabi_attribute 23, 3
   7              		.eabi_attribute 24, 1
   8              		.eabi_attribute 25, 1
   9              		.eabi_attribute 26, 1
  10              		.eabi_attribute 30, 1
  11              		.eabi_attribute 34, 1
  12              		.eabi_attribute 18, 4
  13              		.file	"usart.c"
  14              		.text
  15              	.Ltext0:
  16              		.cfi_sections	.debug_frame
  17              		.section	.text.MX_USART1_UART_Init,"ax",%progbits
  18              		.align	1
  19              		.global	MX_USART1_UART_Init
  20              		.syntax unified
  21              		.thumb
  22              		.thumb_func
  23              		.fpu fpv4-sp-d16
  25              	MX_USART1_UART_Init:
  26              	.LFB130:
  27              		.file 1 "Src/usart.c"
   1:Src/usart.c   **** /**
   2:Src/usart.c   ****   ******************************************************************************
   3:Src/usart.c   ****   * File Name          : USART.c
   4:Src/usart.c   ****   * Description        : This file provides code for the configuration
   5:Src/usart.c   ****   *                      of the USART instances.
   6:Src/usart.c   ****   ******************************************************************************
   7:Src/usart.c   ****   * @attention
   8:Src/usart.c   ****   *
   9:Src/usart.c   ****   * <h2><center>&copy; Copyright (c) 2019 STMicroelectronics.
  10:Src/usart.c   ****   * All rights reserved.</center></h2>
  11:Src/usart.c   ****   *
  12:Src/usart.c   ****   * This software component is licensed by ST under BSD 3-Clause license,
  13:Src/usart.c   ****   * the "License"; You may not use this file except in compliance with the
  14:Src/usart.c   ****   * License. You may obtain a copy of the License at:
  15:Src/usart.c   ****   *                        opensource.org/licenses/BSD-3-Clause
  16:Src/usart.c   ****   *
  17:Src/usart.c   ****   ******************************************************************************
  18:Src/usart.c   ****   */
  19:Src/usart.c   **** 
  20:Src/usart.c   **** /* Includes ------------------------------------------------------------------*/
  21:Src/usart.c   **** #include "usart.h"
  22:Src/usart.c   **** 
  23:Src/usart.c   **** /* USER CODE BEGIN 0 */
  24:Src/usart.c   **** 
  25:Src/usart.c   **** /* USER CODE END 0 */
  26:Src/usart.c   **** 
  27:Src/usart.c   **** UART_HandleTypeDef huart1;
  28:Src/usart.c   **** 
  29:Src/usart.c   **** /* USART1 init function */
  30:Src/usart.c   **** 
  31:Src/usart.c   **** void MX_USART1_UART_Init(void)
ARM GAS  C:\Users\Cairne\AppData\Local\Temp\ccExi00j.s 			page 2


  32:Src/usart.c   **** {
  28              		.loc 1 32 0
  29              		.cfi_startproc
  30              		@ args = 0, pretend = 0, frame = 0
  31              		@ frame_needed = 0, uses_anonymous_args = 0
  32 0000 08B5     		push	{r3, lr}
  33              	.LCFI0:
  34              		.cfi_def_cfa_offset 8
  35              		.cfi_offset 3, -8
  36              		.cfi_offset 14, -4
  33:Src/usart.c   **** 
  34:Src/usart.c   ****   huart1.Instance = USART1;
  37              		.loc 1 34 0
  38 0002 0A48     		ldr	r0, .L5
  39 0004 0A4B     		ldr	r3, .L5+4
  40 0006 0360     		str	r3, [r0]
  35:Src/usart.c   ****   huart1.Init.BaudRate = 115200;
  41              		.loc 1 35 0
  42 0008 4FF4E133 		mov	r3, #115200
  43 000c 4360     		str	r3, [r0, #4]
  36:Src/usart.c   ****   huart1.Init.WordLength = UART_WORDLENGTH_8B;
  44              		.loc 1 36 0
  45 000e 0023     		movs	r3, #0
  46 0010 8360     		str	r3, [r0, #8]
  37:Src/usart.c   ****   huart1.Init.StopBits = UART_STOPBITS_1;
  47              		.loc 1 37 0
  48 0012 C360     		str	r3, [r0, #12]
  38:Src/usart.c   ****   huart1.Init.Parity = UART_PARITY_NONE;
  49              		.loc 1 38 0
  50 0014 0361     		str	r3, [r0, #16]
  39:Src/usart.c   ****   huart1.Init.Mode = UART_MODE_TX_RX;
  51              		.loc 1 39 0
  52 0016 0C22     		movs	r2, #12
  53 0018 4261     		str	r2, [r0, #20]
  40:Src/usart.c   ****   huart1.Init.HwFlowCtl = UART_HWCONTROL_NONE;
  54              		.loc 1 40 0
  55 001a 8361     		str	r3, [r0, #24]
  41:Src/usart.c   ****   huart1.Init.OverSampling = UART_OVERSAMPLING_16;
  56              		.loc 1 41 0
  57 001c C361     		str	r3, [r0, #28]
  42:Src/usart.c   ****   if (HAL_UART_Init(&huart1) != HAL_OK)
  58              		.loc 1 42 0
  59 001e FFF7FEFF 		bl	HAL_UART_Init
  60              	.LVL0:
  61 0022 00B9     		cbnz	r0, .L4
  62              	.L1:
  43:Src/usart.c   ****   {
  44:Src/usart.c   ****     Error_Handler();
  45:Src/usart.c   ****   }
  46:Src/usart.c   **** 
  47:Src/usart.c   **** }
  63              		.loc 1 47 0
  64 0024 08BD     		pop	{r3, pc}
  65              	.L4:
  44:Src/usart.c   ****   }
  66              		.loc 1 44 0
  67 0026 FFF7FEFF 		bl	Error_Handler
ARM GAS  C:\Users\Cairne\AppData\Local\Temp\ccExi00j.s 			page 3


  68              	.LVL1:
  69              		.loc 1 47 0
  70 002a FBE7     		b	.L1
  71              	.L6:
  72              		.align	2
  73              	.L5:
  74 002c 00000000 		.word	huart1
  75 0030 00100140 		.word	1073811456
  76              		.cfi_endproc
  77              	.LFE130:
  79              		.section	.text.HAL_UART_MspInit,"ax",%progbits
  80              		.align	1
  81              		.global	HAL_UART_MspInit
  82              		.syntax unified
  83              		.thumb
  84              		.thumb_func
  85              		.fpu fpv4-sp-d16
  87              	HAL_UART_MspInit:
  88              	.LFB131:
  48:Src/usart.c   **** 
  49:Src/usart.c   **** void HAL_UART_MspInit(UART_HandleTypeDef* uartHandle)
  50:Src/usart.c   **** {
  89              		.loc 1 50 0
  90              		.cfi_startproc
  91              		@ args = 0, pretend = 0, frame = 32
  92              		@ frame_needed = 0, uses_anonymous_args = 0
  93              	.LVL2:
  94 0000 F0B5     		push	{r4, r5, r6, r7, lr}
  95              	.LCFI1:
  96              		.cfi_def_cfa_offset 20
  97              		.cfi_offset 4, -20
  98              		.cfi_offset 5, -16
  99              		.cfi_offset 6, -12
 100              		.cfi_offset 7, -8
 101              		.cfi_offset 14, -4
 102 0002 89B0     		sub	sp, sp, #36
 103              	.LCFI2:
 104              		.cfi_def_cfa_offset 56
  51:Src/usart.c   **** 
  52:Src/usart.c   ****   GPIO_InitTypeDef GPIO_InitStruct = {0};
 105              		.loc 1 52 0
 106 0004 0023     		movs	r3, #0
 107 0006 0393     		str	r3, [sp, #12]
 108 0008 0493     		str	r3, [sp, #16]
 109 000a 0593     		str	r3, [sp, #20]
 110 000c 0693     		str	r3, [sp, #24]
 111 000e 0793     		str	r3, [sp, #28]
  53:Src/usart.c   ****   if(uartHandle->Instance==USART1)
 112              		.loc 1 53 0
 113 0010 0268     		ldr	r2, [r0]
 114 0012 03F18043 		add	r3, r3, #1073741824
 115 0016 03F58833 		add	r3, r3, #69632
 116 001a 9A42     		cmp	r2, r3
 117 001c 01D0     		beq	.L10
 118              	.LVL3:
 119              	.L7:
  54:Src/usart.c   ****   {
ARM GAS  C:\Users\Cairne\AppData\Local\Temp\ccExi00j.s 			page 4


  55:Src/usart.c   ****   /* USER CODE BEGIN USART1_MspInit 0 */
  56:Src/usart.c   **** 
  57:Src/usart.c   ****   /* USER CODE END USART1_MspInit 0 */
  58:Src/usart.c   ****     /* USART1 clock enable */
  59:Src/usart.c   ****     __HAL_RCC_USART1_CLK_ENABLE();
  60:Src/usart.c   ****   
  61:Src/usart.c   ****     __HAL_RCC_GPIOA_CLK_ENABLE();
  62:Src/usart.c   ****     __HAL_RCC_GPIOB_CLK_ENABLE();
  63:Src/usart.c   ****     /**USART1 GPIO Configuration    
  64:Src/usart.c   ****     PA10     ------> USART1_RX
  65:Src/usart.c   ****     PB6     ------> USART1_TX 
  66:Src/usart.c   ****     */
  67:Src/usart.c   ****     GPIO_InitStruct.Pin = GPIO_PIN_10;
  68:Src/usart.c   ****     GPIO_InitStruct.Mode = GPIO_MODE_AF_PP;
  69:Src/usart.c   ****     GPIO_InitStruct.Pull = GPIO_PULLUP;
  70:Src/usart.c   ****     GPIO_InitStruct.Speed = GPIO_SPEED_FREQ_VERY_HIGH;
  71:Src/usart.c   ****     GPIO_InitStruct.Alternate = GPIO_AF7_USART1;
  72:Src/usart.c   ****     HAL_GPIO_Init(GPIOA, &GPIO_InitStruct);
  73:Src/usart.c   **** 
  74:Src/usart.c   ****     GPIO_InitStruct.Pin = GPIO_PIN_6;
  75:Src/usart.c   ****     GPIO_InitStruct.Mode = GPIO_MODE_AF_PP;
  76:Src/usart.c   ****     GPIO_InitStruct.Pull = GPIO_PULLUP;
  77:Src/usart.c   ****     GPIO_InitStruct.Speed = GPIO_SPEED_FREQ_VERY_HIGH;
  78:Src/usart.c   ****     GPIO_InitStruct.Alternate = GPIO_AF7_USART1;
  79:Src/usart.c   ****     HAL_GPIO_Init(GPIOB, &GPIO_InitStruct);
  80:Src/usart.c   **** 
  81:Src/usart.c   ****   /* USER CODE BEGIN USART1_MspInit 1 */
  82:Src/usart.c   **** 
  83:Src/usart.c   ****   /* USER CODE END USART1_MspInit 1 */
  84:Src/usart.c   ****   }
  85:Src/usart.c   **** }
 120              		.loc 1 85 0
 121 001e 09B0     		add	sp, sp, #36
 122              	.LCFI3:
 123              		.cfi_remember_state
 124              		.cfi_def_cfa_offset 20
 125              		@ sp needed
 126 0020 F0BD     		pop	{r4, r5, r6, r7, pc}
 127              	.LVL4:
 128              	.L10:
 129              	.LCFI4:
 130              		.cfi_restore_state
 131              	.LBB2:
  59:Src/usart.c   ****   
 132              		.loc 1 59 0
 133 0022 0022     		movs	r2, #0
 134 0024 0092     		str	r2, [sp]
 135 0026 03F59433 		add	r3, r3, #75776
 136 002a 596C     		ldr	r1, [r3, #68]
 137 002c 41F01001 		orr	r1, r1, #16
 138 0030 5964     		str	r1, [r3, #68]
 139 0032 596C     		ldr	r1, [r3, #68]
 140 0034 01F01001 		and	r1, r1, #16
 141 0038 0091     		str	r1, [sp]
 142 003a 0099     		ldr	r1, [sp]
 143              	.LBE2:
 144              	.LBB3:
ARM GAS  C:\Users\Cairne\AppData\Local\Temp\ccExi00j.s 			page 5


  61:Src/usart.c   ****     __HAL_RCC_GPIOB_CLK_ENABLE();
 145              		.loc 1 61 0
 146 003c 0192     		str	r2, [sp, #4]
 147 003e 196B     		ldr	r1, [r3, #48]
 148 0040 41F00101 		orr	r1, r1, #1
 149 0044 1963     		str	r1, [r3, #48]
 150 0046 196B     		ldr	r1, [r3, #48]
 151 0048 01F00101 		and	r1, r1, #1
 152 004c 0191     		str	r1, [sp, #4]
 153 004e 0199     		ldr	r1, [sp, #4]
 154              	.LBE3:
 155              	.LBB4:
  62:Src/usart.c   ****     /**USART1 GPIO Configuration    
 156              		.loc 1 62 0
 157 0050 0292     		str	r2, [sp, #8]
 158 0052 1A6B     		ldr	r2, [r3, #48]
 159 0054 42F00202 		orr	r2, r2, #2
 160 0058 1A63     		str	r2, [r3, #48]
 161 005a 1B6B     		ldr	r3, [r3, #48]
 162 005c 03F00203 		and	r3, r3, #2
 163 0060 0293     		str	r3, [sp, #8]
 164 0062 029B     		ldr	r3, [sp, #8]
 165              	.LBE4:
  67:Src/usart.c   ****     GPIO_InitStruct.Mode = GPIO_MODE_AF_PP;
 166              		.loc 1 67 0
 167 0064 4FF48063 		mov	r3, #1024
 168 0068 0393     		str	r3, [sp, #12]
  68:Src/usart.c   ****     GPIO_InitStruct.Pull = GPIO_PULLUP;
 169              		.loc 1 68 0
 170 006a 0227     		movs	r7, #2
 171 006c 0497     		str	r7, [sp, #16]
  69:Src/usart.c   ****     GPIO_InitStruct.Speed = GPIO_SPEED_FREQ_VERY_HIGH;
 172              		.loc 1 69 0
 173 006e 0126     		movs	r6, #1
 174 0070 0596     		str	r6, [sp, #20]
  70:Src/usart.c   ****     GPIO_InitStruct.Alternate = GPIO_AF7_USART1;
 175              		.loc 1 70 0
 176 0072 0325     		movs	r5, #3
 177 0074 0695     		str	r5, [sp, #24]
  71:Src/usart.c   ****     HAL_GPIO_Init(GPIOA, &GPIO_InitStruct);
 178              		.loc 1 71 0
 179 0076 0724     		movs	r4, #7
 180 0078 0794     		str	r4, [sp, #28]
  72:Src/usart.c   **** 
 181              		.loc 1 72 0
 182 007a 03A9     		add	r1, sp, #12
 183 007c 0648     		ldr	r0, .L11
 184              	.LVL5:
 185 007e FFF7FEFF 		bl	HAL_GPIO_Init
 186              	.LVL6:
  74:Src/usart.c   ****     GPIO_InitStruct.Mode = GPIO_MODE_AF_PP;
 187              		.loc 1 74 0
 188 0082 4023     		movs	r3, #64
 189 0084 0393     		str	r3, [sp, #12]
  75:Src/usart.c   ****     GPIO_InitStruct.Pull = GPIO_PULLUP;
 190              		.loc 1 75 0
 191 0086 0497     		str	r7, [sp, #16]
ARM GAS  C:\Users\Cairne\AppData\Local\Temp\ccExi00j.s 			page 6


  76:Src/usart.c   ****     GPIO_InitStruct.Speed = GPIO_SPEED_FREQ_VERY_HIGH;
 192              		.loc 1 76 0
 193 0088 0596     		str	r6, [sp, #20]
  77:Src/usart.c   ****     GPIO_InitStruct.Alternate = GPIO_AF7_USART1;
 194              		.loc 1 77 0
 195 008a 0695     		str	r5, [sp, #24]
  78:Src/usart.c   ****     HAL_GPIO_Init(GPIOB, &GPIO_InitStruct);
 196              		.loc 1 78 0
 197 008c 0794     		str	r4, [sp, #28]
  79:Src/usart.c   **** 
 198              		.loc 1 79 0
 199 008e 03A9     		add	r1, sp, #12
 200 0090 0248     		ldr	r0, .L11+4
 201 0092 FFF7FEFF 		bl	HAL_GPIO_Init
 202              	.LVL7:
 203              		.loc 1 85 0
 204 0096 C2E7     		b	.L7
 205              	.L12:
 206              		.align	2
 207              	.L11:
 208 0098 00000240 		.word	1073872896
 209 009c 00040240 		.word	1073873920
 210              		.cfi_endproc
 211              	.LFE131:
 213              		.section	.text.HAL_UART_MspDeInit,"ax",%progbits
 214              		.align	1
 215              		.global	HAL_UART_MspDeInit
 216              		.syntax unified
 217              		.thumb
 218              		.thumb_func
 219              		.fpu fpv4-sp-d16
 221              	HAL_UART_MspDeInit:
 222              	.LFB132:
  86:Src/usart.c   **** 
  87:Src/usart.c   **** void HAL_UART_MspDeInit(UART_HandleTypeDef* uartHandle)
  88:Src/usart.c   **** {
 223              		.loc 1 88 0
 224              		.cfi_startproc
 225              		@ args = 0, pretend = 0, frame = 0
 226              		@ frame_needed = 0, uses_anonymous_args = 0
 227              	.LVL8:
 228 0000 08B5     		push	{r3, lr}
 229              	.LCFI5:
 230              		.cfi_def_cfa_offset 8
 231              		.cfi_offset 3, -8
 232              		.cfi_offset 14, -4
  89:Src/usart.c   **** 
  90:Src/usart.c   ****   if(uartHandle->Instance==USART1)
 233              		.loc 1 90 0
 234 0002 0268     		ldr	r2, [r0]
 235 0004 094B     		ldr	r3, .L17
 236 0006 9A42     		cmp	r2, r3
 237 0008 00D0     		beq	.L16
 238              	.LVL9:
 239              	.L13:
  91:Src/usart.c   ****   {
  92:Src/usart.c   ****   /* USER CODE BEGIN USART1_MspDeInit 0 */
ARM GAS  C:\Users\Cairne\AppData\Local\Temp\ccExi00j.s 			page 7


  93:Src/usart.c   **** 
  94:Src/usart.c   ****   /* USER CODE END USART1_MspDeInit 0 */
  95:Src/usart.c   ****     /* Peripheral clock disable */
  96:Src/usart.c   ****     __HAL_RCC_USART1_CLK_DISABLE();
  97:Src/usart.c   ****   
  98:Src/usart.c   ****     /**USART1 GPIO Configuration    
  99:Src/usart.c   ****     PA10     ------> USART1_RX
 100:Src/usart.c   ****     PB6     ------> USART1_TX 
 101:Src/usart.c   ****     */
 102:Src/usart.c   ****     HAL_GPIO_DeInit(GPIOA, GPIO_PIN_10);
 103:Src/usart.c   **** 
 104:Src/usart.c   ****     HAL_GPIO_DeInit(GPIOB, GPIO_PIN_6);
 105:Src/usart.c   **** 
 106:Src/usart.c   ****   /* USER CODE BEGIN USART1_MspDeInit 1 */
 107:Src/usart.c   **** 
 108:Src/usart.c   ****   /* USER CODE END USART1_MspDeInit 1 */
 109:Src/usart.c   ****   }
 110:Src/usart.c   **** } 
 240              		.loc 1 110 0
 241 000a 08BD     		pop	{r3, pc}
 242              	.LVL10:
 243              	.L16:
  96:Src/usart.c   ****   
 244              		.loc 1 96 0
 245 000c 084A     		ldr	r2, .L17+4
 246 000e 536C     		ldr	r3, [r2, #68]
 247 0010 23F01003 		bic	r3, r3, #16
 248 0014 5364     		str	r3, [r2, #68]
 102:Src/usart.c   **** 
 249              		.loc 1 102 0
 250 0016 4FF48061 		mov	r1, #1024
 251 001a 0648     		ldr	r0, .L17+8
 252              	.LVL11:
 253 001c FFF7FEFF 		bl	HAL_GPIO_DeInit
 254              	.LVL12:
 104:Src/usart.c   **** 
 255              		.loc 1 104 0
 256 0020 4021     		movs	r1, #64
 257 0022 0548     		ldr	r0, .L17+12
 258 0024 FFF7FEFF 		bl	HAL_GPIO_DeInit
 259              	.LVL13:
 260              		.loc 1 110 0
 261 0028 EFE7     		b	.L13
 262              	.L18:
 263 002a 00BF     		.align	2
 264              	.L17:
 265 002c 00100140 		.word	1073811456
 266 0030 00380240 		.word	1073887232
 267 0034 00000240 		.word	1073872896
 268 0038 00040240 		.word	1073873920
 269              		.cfi_endproc
 270              	.LFE132:
 272              		.comm	huart1,64,4
 273              		.text
 274              	.Letext0:
 275              		.file 2 "c:\\program files (x86)\\gnu tools arm embedded\\7 2018-q2-update\\arm-none-eabi\\include
 276              		.file 3 "c:\\program files (x86)\\gnu tools arm embedded\\7 2018-q2-update\\arm-none-eabi\\include
ARM GAS  C:\Users\Cairne\AppData\Local\Temp\ccExi00j.s 			page 8


 277              		.file 4 "Drivers/CMSIS/Include/core_cm4.h"
 278              		.file 5 "Drivers/CMSIS/Device/ST/STM32F4xx/Include/system_stm32f4xx.h"
 279              		.file 6 "Drivers/CMSIS/Device/ST/STM32F4xx/Include/stm32f405xx.h"
 280              		.file 7 "Drivers/STM32F4xx_HAL_Driver/Inc/stm32f4xx_hal_def.h"
 281              		.file 8 "Drivers/STM32F4xx_HAL_Driver/Inc/stm32f4xx_hal_gpio.h"
 282              		.file 9 "Drivers/STM32F4xx_HAL_Driver/Inc/stm32f4xx_hal_dma.h"
 283              		.file 10 "Drivers/STM32F4xx_HAL_Driver/Inc/stm32f4xx_hal_uart.h"
 284              		.file 11 "Inc/usart.h"
 285              		.file 12 "Inc/main.h"
ARM GAS  C:\Users\Cairne\AppData\Local\Temp\ccExi00j.s 			page 9


DEFINED SYMBOLS
                            *ABS*:00000000 usart.c
C:\Users\Cairne\AppData\Local\Temp\ccExi00j.s:18     .text.MX_USART1_UART_Init:00000000 $t
C:\Users\Cairne\AppData\Local\Temp\ccExi00j.s:25     .text.MX_USART1_UART_Init:00000000 MX_USART1_UART_Init
C:\Users\Cairne\AppData\Local\Temp\ccExi00j.s:74     .text.MX_USART1_UART_Init:0000002c $d
                            *COM*:00000040 huart1
C:\Users\Cairne\AppData\Local\Temp\ccExi00j.s:80     .text.HAL_UART_MspInit:00000000 $t
C:\Users\Cairne\AppData\Local\Temp\ccExi00j.s:87     .text.HAL_UART_MspInit:00000000 HAL_UART_MspInit
C:\Users\Cairne\AppData\Local\Temp\ccExi00j.s:208    .text.HAL_UART_MspInit:00000098 $d
C:\Users\Cairne\AppData\Local\Temp\ccExi00j.s:214    .text.HAL_UART_MspDeInit:00000000 $t
C:\Users\Cairne\AppData\Local\Temp\ccExi00j.s:221    .text.HAL_UART_MspDeInit:00000000 HAL_UART_MspDeInit
C:\Users\Cairne\AppData\Local\Temp\ccExi00j.s:265    .text.HAL_UART_MspDeInit:0000002c $d

UNDEFINED SYMBOLS
HAL_UART_Init
Error_Handler
HAL_GPIO_Init
HAL_GPIO_DeInit
